-----------------------------------
Processed Input file:
                      run gradient
                    basis 6-31gs
                   charge -5
                 spinmult 1
                   method hf
                   active 10
                    casci yes
            casscfmaxiter 200
              cassinglets 3
                castarget 2
            castargetmult 1
                ci_solver direct
                   closed 366
                 convthre 1e-06
                 cphfiter 40
                    debug 1
                      fon yes
               fon_anneal no
               fon_target 0.2
          fon_temperature 0.2
                    maxit 300
                precision mixed
                  threall 1e-14
              coordinates server_2024-05-27-15.15.50/job_2/geom.xyz
                   scrdir server_2024-05-27-15.15.50/job_2/scr
-----------------------------------
Jobname: geom
Scratch data will be generated
Scratch directory: server_2024-05-27-15.15.50/job_2/scr
| Random number seed: 730619505

XYZ coordinates server_2024-05-27-15.15.50/job_2/geom.xyz
Molden File Output: server_2024-05-27-15.15.50/job_2/scr/geom.molden
Using basis set: 6-31gs
dmrgstart not found
Spin multiplicity: 1
DIIS will use up to 10 vectors.
Condition number limit for the DIIS overlap matrix is            0
WF convergence threshold: 1.00e-06
Using DIIS algorithm to converge WF
Maximum number of SCF iterations: 300
Incremental fock with rebuild every 8 iterations
Will switch to conventional Fock if diffuse functions are detected
X-matrix tolerance: 1.00e-04
PRECISION: MIXED
Single/Double precision threshold: 1.00e-05
TeraChem will select linear algebra engine
Using fractional orbital occupations
Fractional occupations determined by gaussian broadening
366 occupied orbitals will have integer occupation
10 occupied orbitals will have fractional occupation
kT is set to  0.200 a.u.
DFT Functional requested: hf
Method: Hartree-Fock 
Wavefunction: RESTRICTED
Initial guess generated by maximum overlap

********************************************
**** SINGLE POINT GRADIENT CALCULATIONS ****
********************************************
SCF:   Initial guess is taken from previous step
*************WARNING***************
Unrecognized or unnecessary keywords:
These are being ignored.
   casscfmaxiter 200
   debug 1
***********************************
Starting TensorBox...
| TeraChem will select linear algebra engine
| Using cuSolver for matrix diagonalization


Basis set:       6-31gs
Total atoms:     154
Total charge:    -5
Total electrons: 738 (369-alpha, 369-beta)
Number electrons modeled by ECPs: 0
Total orbitals:  1546
Total AO shells: 692 (406 S-shells; 192 P-shells; 94 D-shells; 0 F-shells; 0 G-shells)
Spin multiplicity: 1
Nuclear repulsion energy (QM atoms): 21082.658726383146 a.u.

Number of MM point charges: 1448
Total charge from MM point charges: 1.29 e
MM Atom 0: charge = 0.448 e, xyz = (-5.08772701, 8.96079609, -24.63504782) Bohr
MM Atom 1: charge = 0.187 e, xyz = (-4.91390182, 15.39152140, -23.96317333) Bohr
MM Atom 2: charge = -0.543 e, xyz = (-4.68472454, 14.05211894, -21.65868606) Bohr
   ...
MM Atom 1445: charge = -0.834 e, xyz = (6.11473797, -5.73398276, 27.45349753) Bohr
MM Atom 1446: charge = 0.417 e, xyz = (6.72481284, -4.57256122, 28.69882157) Bohr
MM Atom 1447: charge = 0.417 e, xyz = (5.01468859, -6.84127687, 28.36767171) Bohr


                      *** Start SCF Iterations ***

 Iter     DIIS Error       Energy change         Energy        Time(s)
------------------------------------------------------------------------
Initial temperature is 0.200000
| Purifying guess...
| Trace of guess 738.00000000, trace of guess*guess 738.00000000,  electron number 738.00000000 
| Guess is well-conditioned: purify...
| Purification run on GPU (double precision)  using TC2 purification.
| Density matrix purification finished after a total of 0 matrix multiplies
|    1     0.2547714885   -6105.1792920372   -6105.1792920372     4.20  
|    2     0.1253469112     -20.5713409144   -6125.7506329515     4.16  
|    3     0.1125138765      +0.6102195091   -6125.1404134424     4.09  
|    4     0.0763467178      -3.7445320524   -6128.8849454949     4.02  
|    5     0.0371548542      -2.5368836971   -6131.4218291919     4.01  
|    6     0.0233540867      -0.1077625233   -6131.5295917152     3.77  
|    7     0.0257036889      -0.2261427639   -6131.7557344791     3.90  
|    8     0.0137165971      -0.0682948013   -6131.8240292804     3.84  
|    9     0.0031202623      +0.0068011411   -6131.8172281393     4.36  
|   10     0.0023260106      +0.0207434641   -6131.7964846752     3.25  
|   11     0.0007227238      +0.0048867616   -6131.7915979136     3.02  
|   12     0.0002877164      +0.0038153096   -6131.7877826040     2.88  
|   13     0.0001347390      -0.0003638758   -6131.7881464798     2.74  
|   14     0.0000595988      -0.0002278256   -6131.7883743054     2.55  
|   15     0.0000194785      +0.0000778329   -6131.7882964726     2.56  
|   16     0.0000139733      -0.0000511451   -6131.7883476177     2.39  
|   17     0.0000053110      -0.0000004176   -6131.7883480352     4.35  
|   18     0.0000019791      +0.0000161615   -6131.7883318737     2.22  
|   19     0.0000014962      +0.0000023598   -6131.7883295139     2.17  
|   20     0.0000006715      -0.0000008293   -6131.7883303432     2.04  
------------------------------------------------------------------------
FINAL ENERGY: -6131.7883303432 a.u.
| WARNING: Final energy is higher than the lowest energy by     0.035699.
Fractional Occupation Entropy: 5.0392081752
Mermin Free Energy:            -6132.7961719783
HOMO-LUMO GAP: 6.067 eV
CENTER OF MASS: {-2.055250, -0.567939, -0.184088} ANGS
QM  DIPOLE MOMENT: {-51.100438, -39.933424, -34.113659} (|D| = 73.278066) DEBYE
MM  DIPOLE MOMENT: {130.994479, 121.327561, -28.392783} (|D| = 180.792923) DEBYE
TOT DIPOLE MOMENT: {79.894041, 81.394137, -62.506442} (|D| = 130.058135) DEBYE

Running Mulliken population analysis...


  Active Space Parameters
--------------------------------------------
Number of closed orbitals:             366
Number of active orbitals:              10
Number of virtual orbitals:           1170
Number of molecular orbitals:         1546
Number of basis functions:            1546
Number of active electrons:              6
Number of alpha electrons:               3
Number of beta electrons:                3

  Orbital      Energy        Occupation
-----------------------------------------
    365       -0.164609        1.000000
    366       -0.117355        1.000000
    367       -0.107847        0.780526
    368       -0.071739        0.723554
    369        0.014049        0.565328
    370        0.237007        0.170980
    371        0.254475        0.149720
    372        0.259668        0.143754
    373        0.267794        0.134746
    374        0.285355        0.116623
    375        0.289381        0.112724
    376        0.300945        0.102045
    377        0.325435        0.000000
    378        0.328529        0.000000

  CAS Parameters
--------------------------------------------
Number of determinants:              14400
Number of singlet CSFs:               4950
Number of doublet CSFs:                  0
Number of triplet CSFs:               6930
Number of quartet CSFs:                  0
Number of quintet CSFs:               2310
Number of sextet CSFs:                   0
Number of septet CSFs:                 210
Number of singlet states:                3
Number of doublet states:                0
Number of triplet states:                0
Number of quartet states:                0
Number of quintet states:                0
Number of sextet states:                 0
Number of septet states:                 0
Using the direct solver

|       Guess Formation
|----------------------------
| Total Time:       0.01 sec
|----------------------------

Singlet state  1 energy:      -6132.39412745996378

|         0.97718742792626  X367 X368 X369
|        -0.09109192186820  X367 X369 X371
|        -0.06547274645712  X367 X368 A369 B372
|        -0.06547274645712  X367 X368 B369 A372
|        -0.05884267235675  X367 X368 X372
|        -0.05696048951314  X367 X369 X375
|        -0.05236905024534  X368 X369 X370
|        -0.04819768370021  X367 X368 X370
|        -0.04047918344405  X368 X369 X372
|        -0.04015781647884  A367 X368 X369 B372
|        -0.04015781647884  B367 X368 X369 A372
|        -0.03688310477848  A367 X368 B369 B370 A372
|        -0.03688310477848  B367 X368 A369 A370 B372
|        -0.03427539849825  X367 X368 A369 B370
|        -0.03427539849825  X367 X368 B369 A370
|        -0.02716537497905  A367 X368 B369 X372
|        -0.02716537497905  B367 X368 A369 X372
|         0.02197106121545  A367 X368 A369 B370 B372
|         0.02197106121545  B367 X368 B369 A370 A372

Singlet state  2 energy:      -6132.27235578795262

|        -0.68599230256675  X367 X368 A369 B373
|        -0.68599230256675  X367 X368 B369 A373
|         0.07056604103116  A367 X368 X369 B373
|         0.07056604103116  B367 X368 X369 A373
|        -0.06685612580742  X367 X368 A369 B371
|        -0.06685612580742  X367 X368 B369 A371
|        -0.06536733339594  X367 A369 X371 B373
|        -0.06536733339594  X367 B369 X371 A373
|        -0.05390677349792  X367 X368 A369 B375
|        -0.05390677349792  X367 X368 B369 A375
|        -0.04193436102610  X368 A369 X370 B373
|        -0.04193436102610  X368 B369 X370 A373
|         0.04126764409998  X367 A369 B373 X375
|         0.04126764409998  X367 B369 A373 X375
|         0.03881058979969  X367 X368 A369 B374
|         0.03881058979969  X367 X368 B369 A374
|        -0.03494466120000  X367 X368 A372 B373
|        -0.03494466120000  X367 X368 B372 A373
|        -0.03182892534961  X368 A369 X372 B373
|        -0.03182892534961  X368 B369 X372 A373
|        -0.02824576080818  X367 X368 A370 B373
|        -0.02824576080818  X367 X368 B370 A373
|         0.02402402325140  X367 X368 A369 B372
|         0.02402402325140  X367 X368 B369 A372
|        -0.02159881888545  A367 X368 B370 A372 B373
|        -0.02159881888545  B367 X368 A370 B372 A373

Singlet state  3 energy:      -6132.25712960702731

|        -0.66587020132086  X367 X368 A369 B374
|        -0.66587020132086  X367 X368 B369 A374
|         0.17143014022127  X367 X368 A369 B375
|         0.17143014022127  X367 X368 B369 A375
|         0.07221673193719  A367 X368 X369 B374
|         0.07221673193719  B367 X368 X369 A374
|        -0.06294408170217  X367 A369 X371 B374
|        -0.06294408170217  X367 B369 X371 A374
|        -0.05794677624796  X367 X368 A369 B373
|        -0.05794677624796  X367 X368 B369 A373
|         0.05613164189792  X367 X368 A369 B371
|         0.05613164189792  X367 X368 B369 A371
|         0.04262418636846  X367 A369 B374 X375
|         0.04262418636846  X367 B369 A374 X375
|        -0.04074609498790  X368 A369 X370 B374
|        -0.04074609498790  X368 B369 X370 A374
|        -0.03321724757216  X367 X368 A372 B374
|        -0.03321724757216  X367 X368 B372 A374
|        -0.03104867537892  X368 A369 X372 B374
|        -0.03104867537892  X368 B369 X372 A374
|        -0.02758647361598  X367 X368 A370 B374
|        -0.02758647361598  X367 X368 B370 A374
|        -0.02108433234174  A367 X368 B370 A372 B374
|        -0.02108433234174  B367 X368 A370 B372 A374
|         0.02008065220885  X367 X368 A369 B376
|         0.02008065220885  X367 X368 B369 A376

  Root   Mult.   Total Energy (a.u.)   Ex. Energy (a.u.)     Ex. Energy (eV)
-------------------------------------------------------------------------------
     1  singlet      -6132.39412746
     2  singlet      -6132.27235579          0.12177167          3.31357524
     3  singlet      -6132.25712961          0.13699785          3.72790064

|  Root   Mult.      Ex. Wavelength (nm)
|-----------------------------------------
|     2  singlet        374.17053094
|     3  singlet        332.58456387

Singlet state dipole moments:

  Root       Dx         Dy         Dz         |D|  (Debye)
------------------------------------------------------------
     1   -21.0912   -40.0420   -11.5309    46.7029
     2   -51.8105   -43.5840   -45.1853    81.3978
     3   -53.6945   -44.4302   -45.1733    83.0528

Singlet state electronic transitions:

 Transition      Tx        Ty        Tz       |T|    Osc. (a.u.) 
-----------------------------------------------------------------
   1 ->  2     0.0020   -0.0001    0.0087    0.0089    0.0000
   1 ->  3     0.0223   -0.0049    0.0253    0.0341    0.0001
   2 ->  3     2.2850    1.1249   -1.0020    2.7369    0.0760

Singlet state velocity transition dipole moments:

 Transition      Px        Py        Pz       |P|    Osc. (a.u.) 
-----------------------------------------------------------------
   1 ->  2     0.0003    0.0001    0.0008    0.0008    0.0000
   1 ->  3     0.0017   -0.0005    0.0022    0.0028    0.0000
   2 ->  3     0.0185    0.0070   -0.0102    0.0223    0.0217

Singlet state magnetic transition dipole moments and rotational strengths:

 Transition      Lx        Ly        Lz        |L|    R(vel) (a.u.)
--------------------------------------------------------------------
   1 ->  2    -0.0038    0.0061    0.0004    0.0072   -0.0000
   1 ->  3    -0.0225    0.0101    0.0228    0.0336    0.0000
   2 ->  3    -0.0236    0.0896    0.2699    0.2853   -0.1684

Singlet state electric quadrupole moments (Cartesian):
Operator origin (a.u.):    -3.883859,    -1.073250,    -0.347876 

 Root     Qxy        Qxz        Qyz        Qxx        Qyy        Qzz       R^2
--------------------------------------------------------------------------------------------
    1   411.8099   -269.4602    32.5235   -1448.2086   -851.0785   -691.6884   -2990.9756
    2   449.2574   -184.5300    72.2050   -1368.8553   -834.0782   -616.0668   -2819.0004
    3   449.8522   -186.7626    70.7671   -1373.1369   -833.1460   -616.0069   -2822.2898

Singlet state electric transition quadrupole moments (Cartesian):

 Transition     Qxy        Qxz        Qyz        Qxx        Qyy        Qzz       norm (a.u.)
--------------------------------------------------------------------------------------------
   1 ->  2     0.0049    -0.0817    -0.0337    -0.0647     0.0268    -0.0658     0.1307
   1 ->  3    -0.0584    -0.2313    -0.0468    -0.2116     0.0062    -0.2390     0.4013
   2 ->  3    -0.7675     6.2672     7.0165    13.3579    -3.9746   -10.5757    19.8791

Building Xtilde...

Building Z-vector RHS...

Solving CPSCF equations
Using DIIS solver

 Iter         Residual      
------  --------------------
    1      0.257187432753
    2      0.345224245512
    3      0.095542676788
    4      0.104451573672
    5      0.059477796629
    6      0.014847489278
    7      0.011219585176
    8      0.006209606398
    9      0.003447278790
   10      0.001742704742
   11      0.000963565875
   12      0.000501194544
   13      0.000283816077
   14      0.000113800235
   15      0.000029746093

CPSCF converged

Building X...

|FINAL Target State Energy: -6132.257129607027 a.u.

Gradient units are Hartree/Bohr
---------------------------------------------------
        dE/dX            dE/dY            dE/dZ
   -0.0768533111    -0.0280020421    -0.0804504889
    0.0290916893    -0.0233193782     0.0404911769
   -0.0243228471     0.0458927289    -0.0023489949
    0.0085801984    -0.0229274205     0.0250690725
    0.0118415512     0.0137845821     0.0180570171
    0.0059882818     0.0085025582     0.0042994517
   -0.0043818999    -0.0000841560    -0.0169569593
   -0.0351767676    -0.0093689579    -0.0586685529
   -0.0003316984     0.0100234762    -0.0015835227
    0.0609415176     0.0178349816     0.0627526891
   -0.0418557980    -0.0090484740    -0.0239268836
    0.0129361692     0.0095861872    -0.0013080285
   -0.0035874254    -0.0431559537    -0.0447808639
    0.0110385642     0.0659735761     0.0365042991
   -0.0114782200     0.0056100192     0.0045199567
    0.0095496189    -0.0841834772    -0.0007155626
   -0.0277065163    -0.0062173857    -0.0069888498
   -0.0053506408     0.0769447719     0.0057248038
    0.0240259555     0.0093692411    -0.0574945312
    0.0021870381    -0.0179895844    -0.0119528985
   -0.0046027185     0.0130713016     0.0144091020
   -0.0048792337    -0.0974371164     0.0652323291
   -0.0160298372    -0.0100739807    -0.0369570131
    0.0038158119    -0.0136941511    -0.0057798697
   -0.0006415401     0.0361080756     0.0254931069
    0.0236564105     0.0296344990     0.0342091554
    0.0200734026    -0.0060357431     0.0077729060
   -0.0174405166    -0.0055136458     0.0043415199
   -0.0076857983    -0.0144175993     0.0103441115
   -0.0099068933    -0.0106502384     0.0000460725
    0.0231332141     0.0257224919    -0.0172343735
   -0.0135636717     0.0092934169    -0.0133184065
    0.0026832769     0.0171493042     0.0177580997
   -0.0108927649    -0.0159339092    -0.0162488533
   -0.0407558525     0.1318832976    -0.0439964796
   -0.0210749607    -0.0829187698    -0.0039497259
   -0.0003005843    -0.0446681401     0.0118107562
    0.0575064907     0.0656526245     0.0390802691
    0.0249560955     0.0086179818    -0.0049860739
   -0.0086786616    -0.0032860466     0.0091314600
   -0.0207379235     0.0461977572     0.0031215129
    0.0169512047    -0.0588188219     0.0254428678
   -0.0026813502    -0.0047779064     0.0222125997
   -0.0350176428     0.0059614686    -0.0380785230
    0.0225242304     0.0238517012     0.0265954617
   -0.0027114905     0.0018118458     0.0003166628
    0.0084272015    -0.0214349793     0.0253845689
   -0.0105744396     0.0182732336    -0.0224437743
    0.0045647699    -0.0156884526    -0.0155767905
   -0.0017515207     0.0404832254    -0.0454238972
    0.0534877486    -0.0272040492     0.0594272876
   -0.0191174083    -0.0620537834    -0.0283904463
   -0.0431600095    -0.0077490201    -0.0226471283
   -0.0192281429     0.0204998603     0.0286675066
    0.0318376288    -0.0258611472    -0.0041908294
   -0.0125318410     0.0299213261     0.0048017505
   -0.0221205496    -0.0302690487     0.0095765411
    0.0421308230     0.0443937056    -0.0034886670
   -0.0008130061    -0.0145183834    -0.0092079996
    0.0725898197    -0.0171692242     0.0250911664
   -0.0700086539    -0.0079786947    -0.0140287440
    0.0261532371    -0.0022018367    -0.0057852303
   -0.0292005150    -0.0082131436    -0.0023683205
   -0.0161612845     0.0499062487     0.0680190977
    0.1034233482    -0.0371054763     0.0676298766
    0.0142774189     0.0120285001    -0.0607675193
   -0.0428870882     0.0268915953     0.0052945577
    0.0079657365    -0.0110150974    -0.0012068654
   -0.0108603753     0.0012714266     0.0062519947
   -0.0062452972    -0.0091362212    -0.0015926170
    0.0073891006    -0.0058640688    -0.0126338430
   -0.0093250959     0.0152120661     0.0029338172
    0.0017811755    -0.0120735188    -0.0053730319
   -0.0025039318    -0.0041180129     0.0180075787
    0.0086156478    -0.0054064999     0.0138585468
   -0.0011541710    -0.0075455982    -0.0066866071
    0.0030040654     0.0022832274     0.0123485740
    0.0160597094     0.0050394898    -0.0063463127
    0.0151185651    -0.0087383673    -0.0058777539
    0.0197794082    -0.0074713371    -0.0002443763
   -0.0200273354    -0.0106635998    -0.0031517878
   -0.0112534935     0.0045199044    -0.0028934806
    0.0096012306     0.0070158777    -0.0222260230
    0.0143853042    -0.0223885181    -0.0175869684
    0.0096639431     0.0010197232    -0.0108708661
    0.1380083076    -0.1899906712     0.0880573859
    0.0303248622    -0.0094141273     0.0519787535
    0.0281661206    -0.0105199685    -0.0185550885
   -0.0332522056     0.0156631308     0.0080947678
    0.0134742802    -0.0384556345     0.0047583552
   -0.0009137975     0.0243699358     0.0269140515
   -0.0049026833    -0.0242860310    -0.0108334465
   -0.0082003015    -0.0109120550    -0.0698593358
   -0.0148926952     0.0180302044    -0.0079465079
    0.0134087385    -0.0300906608    -0.0152715607
    0.0332383355     0.0126314986     0.0275494111
   -0.0357156172    -0.0335307850     0.0236914338
    0.0709511567     0.0542173372    -0.1075658658
   -0.0430183605    -0.0270899359     0.0058228425
   -0.0986162978     0.0108284035    -0.0607049716
    0.0330753338     0.0484414703     0.0268350843
    0.0547978038    -0.0852385991     0.0929193366
   -0.0304582681    -0.0076837433    -0.0086471448
   -0.0235160820     0.0020803432     0.0081746249
    0.0030190967    -0.0484106507    -0.0063435869
    0.0280511395     0.0377769998     0.0189667438
   -0.0823908809    -0.0472919046    -0.0015859934
   -0.0248079305     0.0440464039    -0.0383778727
    0.0403329933    -0.0175804542     0.0145525859
   -0.0310268292    -0.0235544361    -0.0869405797
   -0.0110999753     0.0112156315     0.0214378787
   -0.0186565835     0.0002896434     0.0073870694
   -0.0461023909     0.0030474395     0.0125277098
    0.0299870125    -0.0074645973    -0.0146514381
    0.0391029119     0.0371398782     0.0002427074
    0.0142897618     0.0202538368    -0.0193685559
    0.0067912891     0.0406589126    -0.0161784042
    0.0329025783     0.0217483848    -0.0238356983
   -0.0274379358    -0.0354144325     0.0534991711
   -0.0067100632     0.0471889664     0.0349317042
    0.0058249942    -0.0061891936    -0.0099795912
    0.0234389221     0.0032666831     0.0905885380
   -0.0135843284    -0.0390460513    -0.0118809849
   -0.0069613436    -0.0063220919    -0.0460526462
    0.0541239536     0.0382326718    -0.0039341200
   -0.0135002958     0.0029008940    -0.0087390934
    0.0277596294    -0.0031034214    -0.0032441863
    0.0019560039     0.0062437713     0.0132676506
    0.0114602527    -0.0059712744     0.0004338814
   -0.0024572550    -0.0089412320    -0.0087629285
   -0.0213548500    -0.0057832063    -0.0035237649
    0.0037485687     0.0158499744     0.0127335263
   -0.0096055926     0.0056500103     0.0121663165
    0.0165064510    -0.0045731201     0.0011615053
   -0.0059276598     0.0075153183     0.0082430924
   -0.0090760103    -0.0091942904    -0.0159442367
    0.0056410936    -0.0168221906    -0.0008148781
    0.0024889208    -0.0052514714    -0.0172513929
    0.0026913361     0.0157045687    -0.0018265443
   -0.0076488128     0.0072079197    -0.0064505684
    0.0039712368    -0.0085382866     0.0088983909
    0.0077461907     0.0002424877    -0.0083411856
   -0.0055773867     0.0029496897    -0.0076533599
   -0.0066208993    -0.0094990349    -0.0072971584
    0.0073062887    -0.0046668326    -0.0010205833
    0.0191593089    -0.0042838178    -0.0097375716
    0.0015560541     0.0092655690     0.0144397612
   -0.0200429404    -0.0074088092    -0.0028799891
   -0.0004175643    -0.0061287776     0.0109952568
    0.0164915551     0.0023390038     0.0032487869
    0.0137842261    -0.0010924444    -0.0056975966
   -0.0069323245     0.0207487082    -0.0046143766
   -0.2092733399     0.2161967436    -0.1429547516
   -0.0080881062    -0.0240049920     0.0443636871

------- MM / Point charge part -------
    0.0000070377     0.0002566723    -0.0024597731
    0.0000238115     0.0003441247    -0.0009046810
   -0.0001281246    -0.0011604232     0.0031791274
   -0.0000413440     0.0003862769    -0.0010125353
   -0.0000754247     0.0003981295    -0.0010007294
    0.0001319166    -0.0005865226     0.0015151304
   -0.0002597135     0.0007213117    -0.0018147086
    0.0000539925    -0.0003958318     0.0010345344
   -0.0005402963    -0.0015895644     0.0024989162
   -0.0000582144     0.0000082180     0.0001050479
   -0.0000040175     0.0000044686     0.0000078993
   -0.0000496717     0.0000497280     0.0000713419
    0.0001229866    -0.0001021488    -0.0001502934
   -0.0007379061     0.0011856694     0.0008193932
    0.0005910183    -0.0009205362    -0.0005198609
   -0.0006911690     0.0008878337     0.0007736281
    0.0007921623    -0.0008465390    -0.0007449571
    0.0018575035    -0.0027529597    -0.0045758764
   -0.0012067085     0.0030912052     0.0041031890
   -0.0018909903     0.0019851982     0.0042768631
    0.0013551045    -0.0008502189    -0.0025223338
    0.0001860486    -0.0002652010    -0.0005768725
    0.0001088972    -0.0007418693    -0.0013340120
   -0.0018773284     0.0025439916     0.0028296540
    0.0008038857    -0.0006198977    -0.0007304417
    0.0009899327    -0.0017850394    -0.0013897667
    0.0003825945    -0.0007102327    -0.0006029126
    0.0044316138    -0.0009451126    -0.0135628276
   -0.0045344957    -0.0002624275     0.0084140149
   -0.0006379951    -0.0025382080     0.0149136798
   -0.0035297613    -0.0002693851    -0.0125253631
    0.0000686000     0.0005545873    -0.0008642524
    0.0001270156     0.0006812623    -0.0013575823
    0.0019570709    -0.0029187079     0.0030081218
   -0.0016590537     0.0006228792    -0.0002102444
   -0.0002859438     0.0008681436    -0.0008662479
   -0.0005436140     0.0004442934    -0.0007979994
    0.0080105727     0.0089010405    -0.0118346683
   -0.0055298474    -0.0058421517     0.0068973877
   -0.0118359203    -0.0053829566     0.0077355979
    0.0147086736     0.0048613223    -0.0064590716
   -0.0013186342    -0.0003391733     0.0005004888
    0.0028764466     0.0014051855    -0.0009823527
   -0.0001754705     0.0000082736     0.0000188232
    0.0007117088     0.0000242857     0.0000054514
    0.0012570683    -0.0003009947    -0.0000488150
    0.0031694190    -0.0007528899    -0.0004232418
   -0.0063156026     0.0012111974     0.0012452015
    0.0015724811    -0.0005415395    -0.0003764292
    0.0010981226    -0.0003670324    -0.0002885109
   -0.0030086930     0.0015708753     0.0007371239
    0.0029648850    -0.0019980214    -0.0009053033
   -0.0035991210     0.0017347769     0.0005578121
    0.0039187858    -0.0025708714    -0.0002184679
    0.0080063135     0.0018134456    -0.0037699797
   -0.0061378482    -0.0015339608     0.0021995254
   -0.0046774785    -0.0007030699     0.0031664552
    0.0034275894     0.0004166289    -0.0029173441
   -0.0003021912    -0.0000331476     0.0002202082
    0.0007278451     0.0000690428    -0.0004280844
    0.0024717933    -0.0001904164    -0.0020465076
    0.0000239646    -0.0000022875    -0.0000188941
   -0.0018390999     0.0004742387     0.0013456509
    0.0006212025    -0.0001922827    -0.0004606092
    0.0003936351    -0.0001490882    -0.0003259984
    0.0004711654    -0.0001189799    -0.0002696158
   -0.0039349383     0.0003539646     0.0044451445
    0.0020480956    -0.0004340824    -0.0023675047
    0.0037402946     0.0009994025    -0.0032908165
   -0.0024995731    -0.0009636587     0.0028816892
    0.0017967418     0.0006576709    -0.0024214273
   -0.0000111469    -0.0000057809     0.0000140962
   -0.0001310281    -0.0000771058     0.0002257536
    0.0001053378     0.0000416293    -0.0001994320
    0.0001174178     0.0000906817    -0.0002362692
    0.0028854690     0.0019457320    -0.0030313723
   -0.0020207925    -0.0016084943     0.0018849386
    0.0018955804     0.0015344650    -0.0019075801
   -0.0014451317    -0.0013513722     0.0010930332
    0.0007431087     0.0007796723    -0.0006331123
   -0.0000046881    -0.0000049995     0.0000028197
    0.0002097050     0.0002861768    -0.0001732373
    0.0002731646     0.0002414942    -0.0001411265
    0.0002364152     0.0002634577    -0.0000843725
    0.0001710636     0.0001622494    -0.0000418077
    0.0001462531     0.0001681134    -0.0000625421
    0.0003123390     0.0004231325    -0.0000543750
    0.0004253435     0.0005157981     0.0000064194
    0.0003763425     0.0005800547    -0.0000909376
   -0.0044727854    -0.0071971102     0.0007373830
    0.0040079834     0.0049600411    -0.0007591835
    0.0053409204     0.0153574237    -0.0005613732
   -0.0037973108    -0.0123938003    -0.0000405867
    0.0023079413     0.0049667573     0.0001122917
    0.0015546658     0.0065429489     0.0006107506
   -0.0068510945    -0.0336739824     0.0013396929
    0.0111928771     0.0185339668    -0.0022988754
   -0.0041075468     0.0241546968     0.0038697636
    0.0001226055     0.0000651700    -0.0000563792
    0.0002521984     0.0001188574    -0.0001451695
    0.0002988564     0.0001697410    -0.0001150935
    0.0015286128    -0.0003357736     0.0002195021
   -0.0015450411     0.0003922678    -0.0001091799
    0.0008841640    -0.0000728124     0.0001105808
   -0.0011348861     0.0000063912    -0.0000619842
    0.0016568324    -0.0024595189     0.0004461809
   -0.0004839978     0.0006359620    -0.0001902529
   -0.0003659706     0.0006969581    -0.0001143897
   -0.0004622223     0.0006321363    -0.0000364036
    0.0000620283    -0.0002952381    -0.0000770891
   -0.0000832650     0.0002785291     0.0000701065
   -0.0000422451     0.0002395519     0.0000385865
   -0.0000111904     0.0001165629     0.0000373379
    0.0001688133    -0.0013531002    -0.0006652539
   -0.0003593572     0.0013546762     0.0007684421
   -0.0000363386    -0.0019184438    -0.0011439797
   -0.0000020543     0.0016196585     0.0013007513
   -0.0002145596    -0.0012032075    -0.0005483170
    0.0004294453     0.0014241330     0.0007151182
   -0.0002663646    -0.0017220775    -0.0004925731
    0.0003003592     0.0013088522     0.0002974509
   -0.0000400719    -0.0011815992    -0.0002897214
    0.0000324670     0.0011079938     0.0001808372
   -0.0000621741     0.0002129072     0.0001507112
   -0.0000744817     0.0001939726     0.0001967930
   -0.0002834479     0.0003858391     0.0004121669
    0.0024216033    -0.0037336274    -0.0025160552
   -0.0019102294     0.0029855913     0.0020882203
    0.0044441168    -0.0066607442    -0.0023908778
   -0.0028333573     0.0043040536     0.0014707037
    0.0001909891     0.0006778309     0.0002623442
   -0.0000006314    -0.0000066699    -0.0000108028
   -0.0000224466     0.0004125802     0.0007601719
   -0.0000237005    -0.0000959358    -0.0001188756
    0.0000332277     0.0002004994     0.0002173294
    0.0000551083     0.0001755352     0.0001928830
   -0.0000035157    -0.0000085014    -0.0000111534
   -0.0005962098    -0.0018494353    -0.0028490046
    0.0000731595     0.0015707005     0.0024099710
   -0.0018255974    -0.0029725670    -0.0054139802
    0.0004739891     0.0022626650     0.0056939816
    0.0042905733     0.0036030158     0.0058739244
   -0.0148203225    -0.0052384939    -0.0114419410
    0.0232658934     0.0069656647     0.0158691447
   -0.0018281910    -0.0020104196    -0.0025555157
    0.0013133740     0.0013605986     0.0014232352
   -0.0009011044    -0.0014601063    -0.0017428101
    0.0006404075     0.0011366694     0.0012655522
   -0.0001079649    -0.0019589655    -0.0049289023
    0.0006588697    -0.0004528614    -0.0032764568
   -0.0003151611     0.0005323535     0.0024534933
    0.0006613172    -0.0001969414    -0.0031428608
   -0.0005016891     0.0001428936     0.0019350325
    0.0000004112    -0.0000013625    -0.0000095509
   -0.0000139545     0.0000168416     0.0005539999
    0.0000227851     0.0001170136     0.0004470776
   -0.0000215279     0.0000992064     0.0004746796
   -0.0000118827     0.0000704074     0.0002995179
   -0.0000609587     0.0000416669     0.0003568209
    0.0000724798     0.0002325756     0.0005864711
    0.0001861034     0.0003558260     0.0007566861
    0.0000745824     0.0003757349     0.0008046113
   -0.0014932517    -0.0027524185    -0.0068543276
    0.0023313503     0.0011626160     0.0051107631
    0.0008110827     0.0082092091     0.0095087471
   -0.0001119946    -0.0118479907    -0.0145248650
   -0.0000597501     0.0036831149     0.0071814141
    0.0019351105     0.0095882173     0.0106412284
   -0.0013206291    -0.0097070619    -0.0056060122
    0.0022856712     0.0004319237     0.0041282515
    0.0031906878     0.0132752980    -0.0021265792
   -0.0029238637    -0.0008897014     0.0081765245
    0.0030885107     0.0015638290    -0.0067611547
    0.0015329279     0.0005206148    -0.0040996338
   -0.0007583002    -0.0001162920     0.0025842607
   -0.0000614264    -0.0000356555     0.0001285786
   -0.0005709517    -0.0003614480     0.0009629806
    0.0008300607     0.0005975477    -0.0020127501
   -0.0002378608    -0.0001597090     0.0007551129
   -0.0002858634    -0.0002966378     0.0006771747
   -0.0045024586    -0.0025695829     0.0099765040
    0.0065726975     0.0023528390    -0.0091792608
    0.0040790975     0.0041050404    -0.0152146246
   -0.0023345516    -0.0021401132     0.0104343192
   -0.0010999549    -0.0020081870     0.0053688257
   -0.0021815847    -0.0014364844     0.0042546857
    0.0019163221     0.0016099480    -0.0035516143
    0.0041715766    -0.0018053527    -0.0029039162
    0.0022100607    -0.0009786787    -0.0031251373
   -0.0015146696     0.0003837326     0.0021100811
    0.0001082367    -0.0000812328    -0.0001974663
   -0.0003587993     0.0003495976     0.0006350876
   -0.0000674425     0.0000767301     0.0002003800
   -0.0032790209     0.0029433412     0.0068470368
    0.0022510479    -0.0036227550    -0.0068111608
    0.0033747756    -0.0021185646    -0.0056738659
   -0.0023054839     0.0009028588     0.0032822386
    0.0005971314    -0.0004216338    -0.0010392363
   -0.0009608740     0.0008300742     0.0022521976
    0.0015135721    -0.0003180261    -0.0028771717
   -0.0008688619     0.0003544573     0.0013015590
   -0.0003758353    -0.0000940194     0.0012971285
   -0.0041901912    -0.0012070870     0.0066330214
    0.0003796322     0.0000492220    -0.0005213126
    0.0052289406     0.0043402521    -0.0072945810
   -0.0009469966    -0.0017544220     0.0018701220
   -0.0010454515    -0.0008597107     0.0012222545
   -0.0017185602    -0.0008809653     0.0017878844
    0.0045729465     0.0016831663    -0.0079790987
   -0.0008388031    -0.0000106348     0.0018981579
   -0.0008978826    -0.0005309882     0.0015107586
   -0.0017839865    -0.0008235007     0.0025785690
   -0.0067349224     0.0089612153     0.0095861063
    0.0050893300    -0.0065621039    -0.0059684696
    0.0054242046    -0.0107718581    -0.0067762367
   -0.0062854280     0.0118879587     0.0082061734
    0.0001859536    -0.0005495941    -0.0001561388
   -0.0004302352     0.0013569836     0.0004755388
   -0.0004124448     0.0052837056     0.0001960072
   -0.0000467262     0.0006353987    -0.0000013305
    0.0000789292     0.0008908195     0.0000748033
   -0.0004058504    -0.0202211282     0.0035818975
    0.0037052436     0.0110996306    -0.0045693736
   -0.0059650310     0.0118559753     0.0023495450
    0.0043559755    -0.0081514022    -0.0009817210
    0.0069064447    -0.0110678668    -0.0022802602
   -0.0043654779     0.0102111506     0.0033065038
   -0.0002961897     0.0002950978    -0.0000201697
   -0.0035261091     0.0025618599    -0.0006121003
    0.0030682502    -0.0023156382    -0.0001917205
   -0.0008881471     0.0008527080     0.0000821560
   -0.0010490492     0.0006548503    -0.0000767025
   -0.0108096128     0.0060488140     0.0030322871
    0.0116961088    -0.0040431216    -0.0040829911
    0.0096819731    -0.0060771173    -0.0037273597
   -0.0039930675     0.0021672343     0.0019766645
   -0.0037447729     0.0028555863     0.0011978903
   -0.0093524675     0.0104704908    -0.0042385598
    0.0066464984    -0.0061991136     0.0035491044
    0.0052075459    -0.0096938745     0.0040446434
   -0.0030097317     0.0092098877    -0.0020371967
    0.0003660026    -0.0008110368     0.0005386583
   -0.0005791741     0.0010631927    -0.0006571625
    0.0002510323    -0.0017410280     0.0009372670
    0.0000430214     0.0009035043    -0.0004610502
   -0.0000747594     0.0005417561    -0.0003642613
   -0.0006754450     0.0047170322    -0.0016336929
    0.0001183286    -0.0005350026     0.0001213088
   -0.0001024761    -0.0049099025     0.0015089541
    0.0000619055     0.0010348733    -0.0004219847
   -0.0000062104     0.0010313899    -0.0002321239
    0.0001795925     0.0013982651    -0.0003780451
    0.0009596436    -0.0038887623     0.0015809412
   -0.0003430570     0.0008968344    -0.0004033553
   -0.0001962380     0.0008467068    -0.0002628340
   -0.0001596101     0.0008474310    -0.0004267620
   -0.0043775239     0.0068089325    -0.0086667312
    0.0028326979    -0.0042449482     0.0059203706
    0.0043117637    -0.0039525380     0.0098168842
   -0.0053202151     0.0048380401    -0.0112554823
    0.0000913636    -0.0000530519     0.0004371107
    0.0000884210     0.0000569410    -0.0011013051
   -0.0004868662    -0.0001212103    -0.0036055465
   -0.0002357953     0.0002455595    -0.0002386459
    0.0004251388    -0.0001023665    -0.0008659333
    0.0071247847     0.0026583871     0.0125882147
   -0.0037744457    -0.0029544327    -0.0066026386
   -0.0034113980     0.0018515324    -0.0066031459
    0.0024843377    -0.0018420721     0.0052679276
    0.0018293547    -0.0006886413     0.0024286766
   -0.0001872288     0.0000666050    -0.0001879325
   -0.0003632007     0.0002158467    -0.0003587745
   -0.0005288144     0.0001389746    -0.0005013792
   -0.0001574839     0.0000409707    -0.0001246544
   -0.0001804062     0.0000594613    -0.0001147321
   -0.0001821077     0.0000171108    -0.0001405621
    0.0000423331    -0.0000132651     0.0000393528
   -0.0001393067     0.0000272465    -0.0001247615
    0.0001492885    -0.0000508722     0.0001814062
   -0.0003289234     0.0000636033    -0.0004172787
   -0.0025276534     0.0014848726    -0.0035185193
    0.0020226652    -0.0011086205     0.0029634441
    0.0017389289    -0.0014860028     0.0024974713
   -0.0013849169     0.0012169819    -0.0018713249
    0.0000043993    -0.0000050243     0.0000070149
   -0.0000974082     0.0001609720    -0.0001556060
   -0.0010616936     0.0008012159    -0.0005433997
    0.0009602888    -0.0009810004     0.0008265599
   -0.0010064456     0.0011025047    -0.0009463955
   -0.0014106203     0.0021121272    -0.0031287847
    0.0009261242    -0.0016163699     0.0026740629
   -0.0007598178     0.0012010689    -0.0020807236
    0.0000738162    -0.0001818389     0.0003249862
   -0.0001051208     0.0003199648    -0.0005032126
    0.0000868248    -0.0004022571     0.0008241831
   -0.0000212125     0.0001403105    -0.0003699121
   -0.0000299073     0.0001525930    -0.0003092248
   -0.0001675622     0.0019814409    -0.0030336845
    0.0000404737    -0.0002613464     0.0003369181
   -0.0002176562    -0.0022107439     0.0049466079
   -0.0001492397     0.0003577789    -0.0009350036
    0.0001729127     0.0009524679    -0.0009676228
    0.0002473366     0.0003419368    -0.0022202611
    0.0001157766    -0.0022672247     0.0025640998
   -0.0000682851     0.0004974458    -0.0005442624
    0.0000090066     0.0006386930    -0.0005711894
   -0.0000066521     0.0004848756    -0.0005847341
   -0.0009194805     0.0016047189    -0.0035303189
    0.0006694537    -0.0013364298     0.0029743490
    0.0008936647    -0.0009972012     0.0026679181
   -0.0007515810     0.0007139297    -0.0019182923
    0.0001295259    -0.0000848582     0.0003482396
   -0.0002599655     0.0001978281    -0.0008762076
    0.0000230614    -0.0000038603     0.0000446729
   -0.0001519154     0.0000090959    -0.0002770680
   -0.0001222821     0.0000290383    -0.0002146092
   -0.0004720801    -0.0000141174    -0.0009039041
    0.0011603151     0.0001326118     0.0025663479
   -0.0002981775    -0.0000404303    -0.0006427303
   -0.0002224163    -0.0000430421    -0.0005327898
    0.0005331895     0.0000265187     0.0010158154
   -0.0005915247    -0.0000281321    -0.0010875866
    0.0005037271    -0.0000002197     0.0008926993
   -0.0004441071     0.0000357982    -0.0007205164
   -0.0010554302     0.0007386185    -0.0028458580
   -0.0000276633    -0.0001153773     0.0000893688
    0.0000925509     0.0004420066    -0.0003070316
    0.0003233847     0.0010685247    -0.0009427499
    0.0000741681     0.0002062841    -0.0001596251
    0.0000403811     0.0001806946    -0.0001813678
   -0.0010164701    -0.0027600248     0.0027956602
    0.0008169464     0.0018760566    -0.0020512551
    0.0003646203     0.0018312210    -0.0006549306
   -0.0000462237    -0.0001834276     0.0000766788
   -0.0004866160    -0.0022922894     0.0005783369
    0.0000845543     0.0005467743    -0.0001058535
    0.0001552988     0.0006588277    -0.0001826752
    0.0001526677     0.0005537261    -0.0001147633
   -0.0002166706    -0.0019512510     0.0008620185
    0.0000457233     0.0004251491    -0.0002199833
    0.0000619831     0.0005534836    -0.0002664375
    0.0002021849     0.0004198599    -0.0001782375
    0.0001684291     0.0005194341     0.0000148525
    0.0001382834     0.0002272461     0.0001441727
    0.0003605675     0.0005973303     0.0003359981
   -0.0006343136    -0.0011377675    -0.0010342916
    0.0001874858     0.0003386821     0.0003331217
    0.0002130721     0.0004103183     0.0004062610
    0.0029731227     0.0044436976     0.0023812412
   -0.0033145283    -0.0046648337    -0.0020138827
   -0.0020617021    -0.0030606550    -0.0015784883
    0.0011207678     0.0018288423     0.0010520669
   -0.0000142141    -0.0000198814    -0.0000071046
    0.0007407036     0.0008956084     0.0003383773
   -0.0001748902    -0.0002894508    -0.0001053915
    0.0001386554     0.0002417605     0.0001275787
    0.0001200169     0.0002188651     0.0000716153
    0.0000689172     0.0001191133     0.0000250931
   -0.0010523173    -0.0016600675    -0.0003885432
    0.0012772297     0.0018243275     0.0008679460
   -0.0016216126    -0.0027064967     0.0000139826
    0.0022636061     0.0035238843    -0.0000225838
   -0.0006379293    -0.0013321088     0.0001719893
    0.0006968728     0.0016838987    -0.0003699923
   -0.0007527399    -0.0016847884     0.0001241997
    0.0005012168     0.0012661693    -0.0001721367
   -0.0005858961    -0.0011551687    -0.0000700417
    0.0005281376     0.0010498815     0.0000645347
    0.0034429494     0.0047655750     0.0007550704
   -0.0038448396    -0.0048751763    -0.0001532299
   -0.0019349824    -0.0028778657    -0.0003957334
    0.0011280711     0.0017646501     0.0004033747
   -0.0002267444    -0.0003327216     0.0000014143
    0.0004066440     0.0006082806    -0.0000499464
    0.0003151104     0.0005776740    -0.0000545269
    0.0028962963     0.0038915969    -0.0004019931
   -0.0027269057    -0.0035106194     0.0009062190
   -0.0026304601    -0.0035606140     0.0001256136
    0.0002005132     0.0002738243    -0.0000412781
   -0.0001585824    -0.0002463164     0.0000040070
   -0.0000653368    -0.0001014314    -0.0000121388
   -0.0000670921    -0.0001078560     0.0000140552
    0.0038826107     0.0062799781     0.0003010927
   -0.0040526494    -0.0068607246    -0.0012575459
    0.0033018596     0.0038924275    -0.0012542916
   -0.0034309673    -0.0038457890     0.0022225892
   -0.0030718649    -0.0032228845     0.0006782287
    0.0019414420     0.0021934275    -0.0000558175
    0.0001345956     0.0001033982    -0.0000443154
    0.0006690049     0.0005822186    -0.0003802809
   -0.0000837441    -0.0000502744     0.0000007287
    0.0003039230     0.0002394995     0.0000309417
    0.0003456153     0.0000362632    -0.0000049409
   -0.0001692818    -0.0001414932    -0.0000314879
    0.0003417950     0.0003735312     0.0000939807
    0.0005199255     0.0002947783     0.0001604649
    0.0061903602     0.0066229825     0.0034743758
   -0.0011142824     0.0016793002    -0.0024661317
   -0.0078548124    -0.0168246950     0.0008714186
    0.0136616557     0.0283398678     0.0013753387
    0.0057256010     0.0036052807    -0.0029859453
   -0.0038646173    -0.0029591117     0.0035704911
   -0.0038510543    -0.0033258943     0.0015000824
    0.0023342825     0.0023882696    -0.0005038775
   -0.0004655910    -0.0004727002     0.0002913290
    0.0008734499     0.0006686475    -0.0006337333
    0.0007517336     0.0011950673    -0.0004863524
    0.0001096387     0.0002110931    -0.0000599349
   -0.0014418476    -0.0023856208     0.0008273534
    0.0003612404     0.0005730851    -0.0002551866
    0.0003298493     0.0006390167    -0.0001996837
    0.0004242618     0.0006486551    -0.0001687563
   -0.0001920062    -0.0003893471     0.0001936436
    0.0000910004     0.0001739132    -0.0001032853
    0.0001333737     0.0002602625    -0.0001286658
   -0.0002140131    -0.0005976657     0.0002708491
    0.0000582951     0.0001543666    -0.0000610128
    0.0000469720     0.0001586974    -0.0000900805
    0.0000649419     0.0001781690    -0.0000748791
    0.0034285463     0.0036379657    -0.0026850009
   -0.0029520784    -0.0031818995     0.0028712223
   -0.0021387277    -0.0023343247     0.0015747159
    0.0014687276     0.0016418726    -0.0008669539
   -0.0002205591    -0.0002460420     0.0001931607
    0.0003565038     0.0004082524    -0.0003552255
   -0.0004202451    -0.0005143885     0.0003132635
    0.0001878972     0.0002323714    -0.0001181954
    0.0025892365     0.0025925694    -0.0026510423
   -0.0023509348    -0.0020922839     0.0028715413
   -0.0018617256    -0.0019777556     0.0018312273
    0.0012759064     0.0014593052    -0.0010355886
   -0.0002454339    -0.0002652247     0.0003100689
    0.0005228916     0.0007442045    -0.0006809685
    0.0000789706     0.0001139121    -0.0001006870
   -0.0010951054    -0.0019456618     0.0021469555
    0.0003235970     0.0004658784    -0.0005639232
    0.0002874537     0.0007204014    -0.0006491151
    0.0002452993     0.0004469193    -0.0006795572
   -0.0001832012    -0.0002687539     0.0001618349
    0.0001035775     0.0001748294    -0.0000840836
    0.0025328019     0.0021022260    -0.0037506701
   -0.0020721562    -0.0014181451     0.0037770745
   -0.0022431587    -0.0015211092     0.0027456449
    0.0015868846     0.0012937345    -0.0016013311
   -0.0001767890    -0.0000485831     0.0002147755
    0.0005156509     0.0000747064    -0.0009319225
   -0.0000391595    -0.0000098322     0.0000425665
    0.0002728077     0.0001634574    -0.0002470825
    0.0002545597    -0.0000458766    -0.0003243707
   -0.0010125164    -0.0002753031     0.0012858269
   -0.0011078367    -0.0008026318     0.0011998476
    0.0014904547     0.0014500819    -0.0011396627
   -0.0010770095    -0.0016687420     0.0029924826
    0.0010661388     0.0029664268    -0.0029330573
    0.0000430408     0.0001104577    -0.0014330179
    0.0007553340     0.0005305540     0.0029978201
    0.0005552381    -0.0005829766    -0.0020407626
    0.0005905998     0.0004598909     0.0009277329
   -0.0011732426    -0.0007926950    -0.0008275649
    0.0004186026     0.0006642177     0.0016452202
   -0.0002973264    -0.0005999748    -0.0011758901
   -0.0002955079     0.0006872512     0.0019581086
    0.0004915196    -0.0005420609    -0.0014978785
    0.0003625271    -0.0002241083    -0.0010986909
    0.0048701707     0.0002906913    -0.0054976646
   -0.0027883770     0.0012101912     0.0056393681
   -0.0031790998    -0.0013633161     0.0030464798
    0.0021855506     0.0014954990    -0.0017874641
   -0.0017725032    -0.0007684886     0.0025517813
    0.0011011741     0.0002455934    -0.0022154703
   -0.0000701828    -0.0000418933     0.0000828198
    0.0004100750     0.0001582789    -0.0002357794
    0.0002164881     0.0001602342    -0.0002557753
    0.0000911285     0.0000737810    -0.0001906479
    0.0000369256     0.0000331572    -0.0000816382
    0.0000365385     0.0000268039    -0.0001182104
   -0.0001895434    -0.0003124537     0.0005205868
    0.0001012193     0.0005746525    -0.0010542801
    0.0003427192     0.0004664441    -0.0005508797
   -0.0000223641    -0.0000637380     0.0001064728
    0.0000566372     0.0004432178    -0.0008372117
    0.0001791763     0.0005441659    -0.0007303659
   -0.0006742114    -0.0012536122     0.0023989443
    0.0005445977     0.0009101540    -0.0022378165
    0.0004406299     0.0009922267    -0.0018320896
    0.0007723890     0.0011511067    -0.0019995121
    0.0030481129     0.0010061446    -0.0061622673
   -0.0017088981    -0.0003097506     0.0048219915
   -0.0015313955    -0.0007647098     0.0028399396
    0.0011403668     0.0006634920    -0.0017874341
    0.0000389396     0.0000221200    -0.0000841898
    0.0001783253     0.0000998303    -0.0004491293
   -0.0000484830    -0.0000460560     0.0000839973
    0.0001171462     0.0001141680    -0.0002265965
    0.0001406421     0.0001348623    -0.0002091345
    0.0013702793     0.0005719441    -0.0033502871
   -0.0010250445    -0.0003504373     0.0025431292
    0.0008091646     0.0003304171    -0.0017631448
   -0.0001179278    -0.0000175647     0.0003638836
    0.0002576744     0.0000595869    -0.0008976349
    0.0000446662     0.0000245814    -0.0001293010
   -0.0005117590     0.0001034803     0.0024510477
    0.0000988643    -0.0001031326    -0.0006469085
    0.0001053385    -0.0000036148    -0.0007447542
    0.0001960301    -0.0000247279    -0.0006815815
   -0.0001128321    -0.0000217725     0.0005611966
    0.0000165924    -0.0000100960    -0.0001656373
    0.0000389156    -0.0000019244    -0.0001539839
    0.0000378458     0.0000298391    -0.0001718058
    0.0008885965    -0.0002925097    -0.0036004260
   -0.0006608347     0.0004250418     0.0031450478
   -0.0006309171     0.0003398598     0.0026882763
    0.0005636197    -0.0001800683    -0.0019237520
   -0.0000225710     0.0000352447     0.0001537801
    0.0000502630    -0.0001481472    -0.0005067546
    0.0001741037    -0.0004399315    -0.0014418278
    0.0000512453    -0.0000591668    -0.0002635371
    0.0000124659    -0.0000808472    -0.0002257750
   -0.0001093955     0.0017588950     0.0045162013
   -0.0000153589    -0.0013791121    -0.0021608726
    0.0004367523    -0.0006153295    -0.0032107991
   -0.0002411134     0.0006842151     0.0027399155
   -0.0004839776     0.0002528099     0.0026926964
    0.0003680579    -0.0000638822    -0.0016453895
   -0.0000064952    -0.0002738428    -0.0008348157
   -0.0006199796    -0.0008194669    -0.0001513282
   -0.0001131037    -0.0001106260     0.0000068427
   -0.0003836488    -0.0002987014    -0.0001853646
   -0.0003157765    -0.0002441298    -0.0001771350
    0.0010774326     0.0009835388     0.0005304563
   -0.0002363531    -0.0002201015    -0.0001338758
   -0.0002671647    -0.0002766955    -0.0001460724
    0.0030177994     0.0008565722     0.0015984515
    0.0018663868     0.0007188500     0.0006043493
   -0.0010721911    -0.0004972054    -0.0004928468
    0.0000897060     0.0000224783     0.0000289124
   -0.0003189455    -0.0000665414    -0.0001435043
   -0.0003152062    -0.0000585553    -0.0000709365
   -0.0002571133    -0.0000689429    -0.0000614971
   -0.0001375831    -0.0000354708    -0.0000093188
   -0.0001546435    -0.0000620320    -0.0000448336
    0.0008314790     0.0000947342     0.0002689129
   -0.0009007194    -0.0000882481    -0.0004630227
   -0.0009980624     0.0000256086    -0.0002201956
    0.0004386973     0.0000798418     0.0001572253
   -0.0031561315    -0.0012072350    -0.0016460084
   -0.0037543951     0.0000216699    -0.0022198175
    0.0148370333     0.0033896778    -0.0011561421
   -0.0086826503    -0.0031087345     0.0017555546
   -0.0225244692    -0.0085307769     0.0059581049
   -0.0114156767     0.0002824058     0.0018216005
   -0.0059609112    -0.0027723679    -0.0010604401
    0.0048218205     0.0018940753     0.0002623978
    0.0031438253     0.0018927998     0.0006524900
   -0.0019516190    -0.0012716815    -0.0006981861
    0.0001681675     0.0001136949     0.0000092432
   -0.0005749639    -0.0003464129     0.0000141865
   -0.0001985220    -0.0001623338    -0.0000311836
   -0.0001232119    -0.0000958498    -0.0000273642
   -0.0001444975    -0.0001322724    -0.0000396872
   -0.0000093341    -0.0000081607    -0.0000002705
   -0.0002522713    -0.0002200895     0.0000222158
   -0.0002090617    -0.0001666883     0.0000047852
    0.0011385486     0.0012321829     0.0001782955
    0.0001859281     0.0001906362     0.0000506189
   -0.0002481280    -0.0002496266    -0.0000899088
   -0.0002010000    -0.0002296200    -0.0000761142
   -0.0002344846    -0.0002145635    -0.0000403742
   -0.0052273922    -0.0038877092     0.0004131102
    0.0061299654     0.0051022380    -0.0000783161
    0.0032868728     0.0024145209    -0.0008945585
   -0.0019019574    -0.0012579930     0.0005265955
    0.0004845395     0.0003877304    -0.0002357707
   -0.0013570268    -0.0010551217     0.0007521084
    0.0000517023     0.0000363309    -0.0000317375
   -0.0002566260    -0.0001490226     0.0001469913
   -0.0002252417    -0.0001697610     0.0001310005
   -0.0012639830    -0.0008980390     0.0010583439
    0.0034144925     0.0027727140    -0.0031951162
   -0.0010164262    -0.0007461370     0.0011867394
   -0.0008379379    -0.0006060120     0.0011124145
    0.0018058319     0.0010241033    -0.0021967456
   -0.0020506898    -0.0008941161     0.0028715292
    0.0015481029     0.0008699679    -0.0015133780
   -0.0013832479    -0.0005904292     0.0012707404
   -0.0044803564    -0.0045396658     0.0024065426
    0.0040811594     0.0038810050    -0.0016274276
    0.0026194479     0.0038086351    -0.0019715026
   -0.0018915147    -0.0031150860     0.0018719674
    0.0001308421     0.0001345458    -0.0000151049
   -0.0000332725    -0.0001016156    -0.0001823651
   -0.0004257834    -0.0005815703    -0.0001224542
   -0.0053273841    -0.0028763264     0.0038567983
    0.0078878328     0.0043355765    -0.0059612553
    0.0027990535     0.0027002891    -0.0022959144
   -0.0018328834    -0.0018012888     0.0015556467
    0.0000081961     0.0000095425    -0.0000072459
   -0.0004733253    -0.0006795594     0.0004468990
    0.0000846295     0.0000888509    -0.0000839746
   -0.0001862209    -0.0001715028     0.0001962821
   -0.0001512995    -0.0001496165     0.0001521279
    0.0000051814     0.0000062779    -0.0000058031
    0.0007134578     0.0009557072    -0.0008119610
   -0.0006456901    -0.0007999133     0.0006317217
    0.0006655261     0.0011127261    -0.0009661190
   -0.0004040457    -0.0006796710     0.0005600017
   -0.0006637316    -0.0017667089     0.0017616788
   -0.0000651979     0.0024761234    -0.0025748521
   -0.0003003225    -0.0014642135     0.0014075921
    0.0009167097     0.0015286675    -0.0018244917
   -0.0006420177    -0.0013237808     0.0021660175
    0.0009946739     0.0012094306    -0.0012560946
   -0.0011382330    -0.0012726301     0.0013518504
   -0.0031351108    -0.0039773084     0.0023200085
    0.0025649780     0.0040008891    -0.0017093231
    0.0022029348     0.0024341894    -0.0013506353
   -0.0015089925    -0.0015030920     0.0009964700
    0.0001103877     0.0001274102    -0.0000466826
   -0.0003526569    -0.0004392664     0.0001651255
   -0.0001512719    -0.0001524462     0.0000606852
   -0.0001205265    -0.0001129361     0.0000439191
   -0.0000965835    -0.0001006464     0.0000282159
   -0.0027943888    -0.0035686791     0.0005241549
    0.0021355235     0.0029458344    -0.0001272600
    0.0021227951     0.0026488602    -0.0002018214
   -0.0020235339    -0.0021076247     0.0005144961
    0.0014951696     0.0023971116     0.0005106676
   -0.0006160903    -0.0011355067    -0.0003970437
    0.0000067176     0.0000080261     0.0000018112
   -0.0005709459    -0.0005390780    -0.0000836750
   -0.0002518599    -0.0004640697    -0.0001041797
   -0.0003385610    -0.0003208308    -0.0000810228
   -0.0001979808    -0.0002118780    -0.0000401402
   -0.0002548100    -0.0002248888    -0.0000144830
   -0.0003843932    -0.0003471666    -0.0002505683
   -0.0007313593    -0.0004190608    -0.0005174847
   -0.0004533080    -0.0004360064    -0.0003153768
    0.0042386679     0.0054243302     0.0041655530
   -0.0038487126    -0.0044908167    -0.0014722429
   -0.0042183779    -0.0060069833    -0.0087102737
    0.0015041561     0.0039214881     0.0075797380
   -0.0009356086    -0.0016500686    -0.0034250460
    0.0000171491    -0.0023800860    -0.0040576497
    0.0064287236     0.0068551345     0.0109315258
   -0.0068438802    -0.0044205661    -0.0058596322
   -0.0022312733    -0.0034635286    -0.0048618215
   -0.0027553170    -0.0061565092    -0.0021390410
    0.0017597097     0.0026659077     0.0024008911
    0.0014523804     0.0038533781     0.0006003371
   -0.0012563745    -0.0030212191     0.0002682107
    0.0000629158     0.0001589794     0.0000389499
   -0.0002391513    -0.0004847933    -0.0002481995
   -0.0000838041    -0.0002522528    -0.0000189950
   -0.0000728595    -0.0001754485     0.0000164782
   -0.0000602399    -0.0001496226    -0.0000161139
   -0.0000013321    -0.0000171594    -0.0000023267
    0.0000076784    -0.0003680703    -0.0001582889
    0.0000075397    -0.0005873739     0.0000817224
    0.0003727678     0.0023568981     0.0004429447
    0.0002221966     0.0004183175     0.0000173836
   -0.0003437199    -0.0005342063     0.0000546499
   -0.0005523634    -0.0002134952    -0.0004399784
   -0.0002577608    -0.0006095856     0.0001145519
   -0.0015594740    -0.0030686605    -0.0004257967
    0.0013383888     0.0024709554     0.0005126105
    0.0011596765     0.0021021623    -0.0000566204
   -0.0008489564    -0.0015326460     0.0001814353
    0.0000034884     0.0000057920    -0.0000005593
   -0.0002028638    -0.0003488014     0.0000463894
    0.0000396136     0.0000598247    -0.0000138599
   -0.0000815758    -0.0001252340     0.0000401700
   -0.0000817113    -0.0001156810     0.0000223109
   -0.0013797145    -0.0021923466    -0.0000436805
    0.0011621224     0.0018817231     0.0000960143
    0.0010177838     0.0015258436     0.0001057353
   -0.0007486690    -0.0010971386    -0.0000211788
    0.0000622568     0.0000901268     0.0000161927
   -0.0002430108    -0.0003340730    -0.0000393722
    0.0000123515     0.0000175895     0.0000042698
   -0.0000949361    -0.0001253586    -0.0000166337
   -0.0000837576    -0.0001336086    -0.0000482813
    0.0003214902     0.0004385503     0.0001364394
    0.0003754936     0.0004551042     0.0001091689
   -0.0004950636    -0.0005640730    -0.0000789872
    0.0007276370     0.0008573615     0.0002807814
   -0.0007202376    -0.0007824374    -0.0002395108
   -0.0002738015    -0.0003576585    -0.0001612304
    0.0004580522     0.0006166689     0.0003465836
   -0.0002844302    -0.0003466651    -0.0001893854
    0.0001567988     0.0002605659     0.0001900937
   -0.0001716516    -0.0002970308    -0.0002227407
    0.0002403551     0.0004768548     0.0004390204
   -0.0000358354    -0.0002479352    -0.0004193717
    0.0004080028     0.0006795219     0.0004438902
   -0.0002873762    -0.0004528653    -0.0002826790
   -0.0002489657    -0.0003630927    -0.0001677350
   -0.0012012863    -0.0017919957    -0.0005024585
    0.0010326327     0.0015249588     0.0003939816
    0.0008623489     0.0013108068     0.0004806526
   -0.0006249181    -0.0009400949    -0.0003654805
   -0.0000631874    -0.0000987743    -0.0000438272
   -0.0001442596    -0.0002149097    -0.0001077145
    0.0003362480     0.0005780833     0.0003258187
   -0.0001137396    -0.0002058691    -0.0001069981
   -0.0001061931    -0.0001648302    -0.0001071027
   -0.0001198723    -0.0002403285    -0.0001368557
   -0.0010243806    -0.0017028326    -0.0006212295
    0.0008743247     0.0014742581     0.0005529218
    0.0006227073     0.0010855322     0.0003003527
   -0.0005372761    -0.0009383522    -0.0002353784
    0.0003946085     0.0007292397     0.0001490708
   -0.0002197469    -0.0004226233    -0.0001070256
    0.0000165766     0.0000314985     0.0000040856
   -0.0000664588    -0.0001226707    -0.0000073936
   -0.0000366292    -0.0000698832    -0.0000128390
   -0.0000190575    -0.0000376268    -0.0000090921
   -0.0000213937    -0.0000396260    -0.0000096554
    0.0001037549     0.0001978082     0.0000169964
   -0.0001415479    -0.0002644539    -0.0000033006
   -0.0001226192    -0.0002444237    -0.0000109055
    0.0000353361     0.0000652394     0.0000109474
   -0.0002921889    -0.0005243398    -0.0001226505
   -0.0003255913    -0.0005651113    -0.0000595079
    0.0008455680     0.0017095138     0.0004290047
   -0.0006706037    -0.0013868458    -0.0004214084
   -0.0008135366    -0.0016318362    -0.0004936512
   -0.0006883600    -0.0014985585    -0.0002859226
   -0.0004675570    -0.0007710615    -0.0000974885
   -0.0004027546    -0.0006392282    -0.0001598746
   -0.0001718290    -0.0002642407    -0.0001033064
   -0.0000260668    -0.0000406745    -0.0000169440
   -0.0001071965    -0.0001615313    -0.0000843685
    0.0000607398     0.0000869547     0.0000331620
   -0.0000358195    -0.0000508757    -0.0000165133
    0.0000956952     0.0001331425     0.0000642955
   -0.0000250795    -0.0000347152    -0.0000184367
   -0.0000283466    -0.0000379266    -0.0000172550
   -0.0000283066    -0.0000399726    -0.0000212517
    0.0004725477     0.0006699325     0.0004708980
   -0.0002987792    -0.0004410952    -0.0003056214
   -0.0000404733    -0.0000552414    -0.0000421065
   -0.0001008542    -0.0001394718    -0.0001038140
    0.0002406575     0.0003176575     0.0002458076
   -0.0000774571    -0.0001061802    -0.0000814087
   -0.0000867457    -0.0000997643    -0.0000909771
   -0.0000795501    -0.0001125539    -0.0000754953
   -0.0006714544    -0.0009153285    -0.0007541664
    0.0005610932     0.0008621960     0.0007125472
    0.0004606778     0.0006380930     0.0005323948
   -0.0002967242    -0.0004201582    -0.0003496258
    0.0000639807     0.0000930462     0.0000794439
   -0.0000941550    -0.0001382996    -0.0001099936
    0.0000469549     0.0000691038     0.0000664225
   -0.0000275112    -0.0000392847    -0.0000374415
   -0.0000275066    -0.0000386089    -0.0000356137
   -0.0006475701    -0.0009356257    -0.0008144804
    0.0006473105     0.0009590132     0.0008378879
   -0.0000628658    -0.0000821389    -0.0000561853
   -0.0009375637    -0.0011646374    -0.0008659351
    0.0010554574     0.0011033371     0.0008743700
    0.0005207417     0.0009069581     0.0006119878
   -0.0002922642    -0.0005275851    -0.0003716273
   -0.0000140471    -0.0000417810    -0.0000215516
   -0.0001217766    -0.0003420729    -0.0001859604
   -0.0001194668     0.0005142174     0.0001167138
    0.0001004116    -0.0000977823    -0.0000585138
   -0.0000274828    -0.0001756925    -0.0000609018
    0.0029599222    -0.0037241001     0.0016689663
   -0.0108220753     0.0015268493    -0.0015314312
   -0.0002309308     0.0088399227     0.0007622351
   -0.0006976267    -0.0090485833    -0.0034420614
   -0.0005042453    -0.0022812621    -0.0010155542
   -0.0012101013    -0.0018247406    -0.0011612246
    0.0016405867     0.0016811097     0.0012703909
    0.0009176933     0.0012944057     0.0010415405
   -0.0004131817    -0.0006604370    -0.0005090830
   -0.0000747440    -0.0000764432    -0.0000899458
   -0.0002062642    -0.0001914865    -0.0002618214
    0.0000469020     0.0000520106     0.0000664265
    0.0000170371     0.0000199452     0.0000229609
    0.0000185534     0.0000171275     0.0000265428
   -0.0011081572    -0.0015493033    -0.0019475683
    0.0011598491     0.0021111669     0.0023655825
    0.0009498583     0.0012998559     0.0017785111
   -0.0010666668    -0.0008420248    -0.0011361061
    0.0012034717     0.0007447660     0.0013032153
    0.0013782597     0.0007552180     0.0009245210
   -0.0008633030    -0.0005534643    -0.0006010805
   -0.0000562889    -0.0000265403    -0.0000387603
   -0.0003220051    -0.0001572807    -0.0002036629
    0.0000322288     0.0000148257     0.0000193274
   -0.0001320176    -0.0000482454    -0.0000724866
   -0.0001131271    -0.0000387518    -0.0000849608
    0.0000719822     0.0000616459     0.0000391516
   -0.0001456506    -0.0001442380    -0.0000944769
   -0.0001918915    -0.0002207125    -0.0000464307
   -0.0029965104    -0.0026685112    -0.0021356028
    0.0030345580     0.0021473394     0.0019341517
    0.0027983315     0.0031746920     0.0023944808
   -0.0025052165    -0.0024713043    -0.0017783226
   -0.0021770348    -0.0007391954    -0.0017723801
    0.0018567047     0.0005688028     0.0016811926
    0.0016459387     0.0004695685     0.0013191251
   -0.0012161551    -0.0003635307    -0.0008686939
    0.0001962649     0.0000367323     0.0001758395
   -0.0003087518    -0.0000471113    -0.0002732844
    0.0004856668     0.0000428098     0.0003809073
   -0.0002388032    -0.0000282117    -0.0001797335
   -0.0001961366    -0.0000009452    -0.0001673310
   -0.0020908869    -0.0005043375    -0.0024095346
    0.0017568603     0.0003074807     0.0021529592
    0.0016767410     0.0008498940     0.0025278598
   -0.0010869931    -0.0005315077    -0.0014826329
   -0.0000554893    -0.0001415042    -0.0001958108
   -0.0002826011    -0.0002099916    -0.0004616203
    0.0001613958     0.0002521773     0.0003082834
    0.0001625177     0.0001571076     0.0001654706
    0.0000904742     0.0000327493     0.0001084743
   -0.0037386412    -0.0064542624    -0.0098567231
    0.0005184313     0.0021436449     0.0070627784
    0.0066982981     0.0065577061     0.0069872949
    0.0010532567    -0.0006352151    -0.0005145583
   -0.0027541200     0.0015847827    -0.0061262497
    0.0009220126    -0.0002763551     0.0014546815
   -0.0007464177    -0.0000861544    -0.0009656608
    0.0000936253    -0.0000154560     0.0001323249
   -0.0004364787     0.0001699791    -0.0007248983
   -0.0002684400    -0.0000615871    -0.0003076848
   -0.0013256421    -0.0002583044    -0.0025082864
    0.0011496512     0.0002797965     0.0020055773
    0.0006249871     0.0003843026     0.0014677812
   -0.0004975302    -0.0005045725    -0.0012974179
    0.0003638166     0.0002850416     0.0009109251
   -0.0001884846    -0.0002073237    -0.0005049721
    0.0000009701     0.0000005861     0.0000020529
   -0.0000491328    -0.0000215355    -0.0000981306
   -0.0000569285    -0.0000368607    -0.0001029078
   -0.0000479275    -0.0000319494    -0.0000806483
   -0.0006146596    -0.0002132576    -0.0009346705
   -0.0009401718    -0.0007025998    -0.0026614783
    0.0007448355     0.0004143146     0.0020646618
    0.0006072460     0.0006556351     0.0020390409
   -0.0002785565    -0.0004625018    -0.0012022339
   -0.0000501773    -0.0000532205    -0.0001686521
   -0.0001049260    -0.0000881607    -0.0003879216
    0.0000670706     0.0000557158     0.0001548374
    0.0000293193     0.0000165887     0.0000555116
    0.0000327160     0.0000299190     0.0000538373
   -0.0015614641    -0.0012792683    -0.0057245415
    0.0012937504     0.0003492179     0.0052043345
    0.0009455970     0.0018051005     0.0072407124
   -0.0005865241    -0.0010019709    -0.0023890858
    0.0006360171     0.0012912478     0.0022731964
    0.0001975511     0.0003893743     0.0012203930
   -0.0000116837    -0.0000167123    -0.0000898303
   -0.0000257940    -0.0000243691    -0.0002012741
    0.0000009331     0.0000076556     0.0000346951
    0.0000020850    -0.0000245890    -0.0001422304
   -0.0000007844    -0.0000272005    -0.0001166470
    0.0000140643     0.0000443225     0.0001286703
   -0.0004250564    -0.0014866282    -0.0031896987
    0.0004370130     0.0014920720     0.0029100093
    0.0003399983     0.0013882175     0.0027312350
   -0.0001630264    -0.0007835299    -0.0019978811
   -0.0000156133    -0.0000763936    -0.0001045491
   -0.0000568160    -0.0004739904    -0.0007295704
   -0.0003484345     0.0014475735     0.0023080275
    0.0000964029    -0.0006671296    -0.0011150698
    0.0004912417    -0.0007694451    -0.0008261637
    0.0008540069    -0.0028473196    -0.0084657375
   -0.0008101015     0.0021007456     0.0064089549
    0.0010374818     0.0012310419     0.0124878884
   -0.0005536186    -0.0004450654    -0.0072352943
    0.0007659471     0.0004681571    -0.0035958427
   -0.0021355490    -0.0033823661    -0.0028885773
    0.0029179952     0.0031538209     0.0024252725
    0.0014022172     0.0017332934     0.0012586233
   -0.0006014049    -0.0009989183    -0.0010184734
    0.0000768456     0.0000888121     0.0000275531
   -0.0004295529    -0.0002735958    -0.0000758219
   -0.0000154588    -0.0002897566    -0.0000624501
   -0.0017089872    -0.0017434208    -0.0013771291
    0.0019298128     0.0015047381     0.0015635001
    0.0007417863     0.0010847549     0.0011727135
   -0.0003886553    -0.0006871954    -0.0008397772
    0.0000020444     0.0000032652     0.0000040167
   -0.0001368354    -0.0001943897    -0.0002183568
    0.0000153061     0.0000302920     0.0000436213
    0.0000010652     0.0000020287     0.0000029348
    0.0001938764     0.0003434104     0.0004377852
   -0.0001839989    -0.0003070495    -0.0003621536
    0.0002242596     0.0003992043     0.0005268681
   -0.0001633266    -0.0002792498    -0.0003361010
   -0.0002948137    -0.0005187089    -0.0008170515
    0.0005317862     0.0008075436     0.0013921142
   -0.0004085881    -0.0006182306    -0.0009606931
    0.0002027195     0.0003698559     0.0006675750
   -0.0001423418    -0.0002347407    -0.0005056451
    0.0001678223     0.0003324313     0.0005611006
   -0.0008831726    -0.0015568988    -0.0019745493
    0.0008198909     0.0014889916     0.0017636929
    0.0005549363     0.0011727774     0.0016445685
   -0.0003362478    -0.0007418012    -0.0011211676
   -0.0000405430    -0.0001071452    -0.0001506250
   -0.0000785757    -0.0002422694    -0.0003451743
    0.0001388940     0.0005679196     0.0009742536
   -0.0000558179    -0.0002063154    -0.0003549519
   -0.0000322075    -0.0001954596    -0.0003443459
   -0.0000259099    -0.0001538657    -0.0003038111
   -0.0010542324    -0.0023239058    -0.0026457887
    0.0009678784     0.0023375055     0.0024347968
    0.0010522082     0.0016998133     0.0018119717
   -0.0007650399    -0.0010325281    -0.0011696469
    0.0000713501     0.0001133708     0.0001011492
   -0.0002111383    -0.0003748326    -0.0002679836
   -0.0002353849    -0.0002525458    -0.0003056062
   -0.0013467192    -0.0025181097    -0.0019226488
    0.0015245191     0.0024064779     0.0013142284
    0.0009755525     0.0014540488     0.0013633155
   -0.0007272171    -0.0008244684    -0.0009319613
    0.0001334626     0.0001807043     0.0001533050
   -0.0002028753    -0.0002742388    -0.0001923428
   -0.0002906911    -0.0002935490    -0.0002908400
   -0.0000368810    -0.0000416315    -0.0000420287
    0.0005562163     0.0006691222     0.0005983509
   -0.0001606844    -0.0001867207    -0.0001608822
   -0.0001357674    -0.0001640767    -0.0001495317
   -0.0001334064    -0.0001975233    -0.0001681254
    0.0001399353     0.0000570983     0.0000852317
   -0.0000949327    -0.0000327706    -0.0000536043
   -0.0000968559    -0.0000307387    -0.0000569703
    0.0001321034     0.0000611834     0.0000679765
   -0.0000297524    -0.0000226977    -0.0000234397
   -0.0000314330     0.0000008719     0.0000010873
   -0.0000328952    -0.0000264611    -0.0000226899
   -0.0011025390    -0.0017980244    -0.0014681447
    0.0009927426     0.0016896833     0.0012604719
    0.0006656582     0.0012492748     0.0011407690
   -0.0004395785    -0.0008035638    -0.0008015479
   -0.0000434271    -0.0001014865    -0.0000923911
   -0.0000961064    -0.0002310270    -0.0002010040
   -0.0008524743    -0.0020824423    -0.0017588933
    0.0007040259     0.0019856283     0.0015767972
    0.0007302353     0.0016280530     0.0013514555
   -0.0005168526    -0.0010873088    -0.0009270463
    0.0000559249     0.0001198057     0.0000896442
   -0.0002099247    -0.0005090641    -0.0003980697
    0.0000124531     0.0000243743     0.0000169833
   -0.0000788749    -0.0001734599    -0.0001338133
   -0.0000943661    -0.0001641364    -0.0001063709
    0.0004337653     0.0006935757     0.0004334112
    0.0006081792     0.0008709477     0.0006263238
   -0.0006603724    -0.0011697823    -0.0009601723
    0.0016406658     0.0017028742     0.0014815234
   -0.0017951598    -0.0018199760    -0.0018321469
   -0.0006789848    -0.0005698719    -0.0005414970
    0.0016481391     0.0011449422     0.0011387762
   -0.0014501956    -0.0008070232    -0.0011001482
    0.0005671213     0.0005155829     0.0002922786
   -0.0008186928    -0.0007410443    -0.0002351828
    0.0006556046     0.0009393585     0.0004151875
   -0.0004179099    -0.0007203944    -0.0002546657
    0.0007093024     0.0011286126     0.0006000950
   -0.0005220877    -0.0007956185    -0.0004510489
   -0.0004116508    -0.0005150104    -0.0003490407
   -0.0012644886    -0.0025087251    -0.0016313324
    0.0011309897     0.0024894601     0.0015019809
    0.0009402498     0.0016070481     0.0010146701
   -0.0006657429    -0.0010213088    -0.0006717535
    0.0000548939     0.0000935286     0.0000524567
   -0.0002012532    -0.0003482234    -0.0001758858
   -0.0004732606    -0.0007161990    -0.0004422552
   -0.0000762516    -0.0001056498    -0.0000710359
   -0.0000738114    -0.0001242520    -0.0000633492
    0.0015721035     0.0020303707     0.0017832059
   -0.0008681219    -0.0014374080    -0.0014999795
   -0.0010760044    -0.0021307565    -0.0010798801
    0.0009828072     0.0020757262     0.0008596287
    0.0006544183     0.0013400948     0.0007576231
   -0.0004510057    -0.0008587420    -0.0005402842
    0.0000768972     0.0001755548     0.0000951198
   -0.0001101544    -0.0002568014    -0.0001207400
   -0.0001616203    -0.0003392465    -0.0002029858
   -0.0000240031    -0.0000485844    -0.0000324803
    0.0000578473     0.0001080512     0.0000611943
   -0.0000300993    -0.0000591958    -0.0000293450
   -0.0000358439    -0.0000628334    -0.0000351979
    0.0000860934     0.0001469634     0.0000916682
   -0.0000214682    -0.0000392447    -0.0000243622
   -0.0000252289    -0.0000407530    -0.0000245610
   -0.0000258066    -0.0000408912    -0.0000286391
   -0.0000891377    -0.0003364741    -0.0002021479
   -0.0004995263    -0.0027082591    -0.0028277148
    0.0007881053     0.0026730299     0.0027014780
    0.0002271304     0.0020524145     0.0023150183
    0.0000066566    -0.0012843739    -0.0014140855
    0.0000739823     0.0003514496     0.0004269714
   -0.0000662996    -0.0008747852    -0.0011579244
    0.0000132987     0.0000370752     0.0000579319
   -0.0000695222    -0.0001814714    -0.0002449150
   -0.0001153224    -0.0001899174    -0.0003521251
   -0.0001014789    -0.0006703531    -0.0013841046
    0.0001488510     0.0016598622     0.0036485303
    0.0000752378    -0.0002734294    -0.0008573017
   -0.0000758568     0.0006783527     0.0016122970
    0.0001503927    -0.0006454604    -0.0014191634
   -0.0014219721    -0.0046007772    -0.0042050413
    0.0027548397     0.0049202323     0.0043572600
    0.0006547731     0.0038095107     0.0029178291
   -0.0001513414    -0.0018874893    -0.0014895108
   -0.0000407409    -0.0003160669    -0.0001999863
   -0.0001579974    -0.0008683612    -0.0005326000
    0.0000553893     0.0002197421     0.0001430120
    0.0000316475     0.0000807564     0.0000585231
    0.0000165056     0.0000781072     0.0000475380
   -0.0018346042    -0.0067593240    -0.0042323885
    0.0011455588     0.0085276763     0.0054101312
    0.0023352785     0.0063279497     0.0034558264
    0.0002607999    -0.0042499473    -0.0022697452
   -0.0006573722     0.0041863834     0.0023744232
   -0.0003230211     0.0028556295     0.0012635127
    0.0001235671    -0.0024362037    -0.0010792826
   -0.0000019785     0.0000053299     0.0000014252
    0.0001095273    -0.0002595442    -0.0000782811
    0.0001348936    -0.0003615399    -0.0000751034
    0.0000887584    -0.0003083803    -0.0000912238
    0.0000807851    -0.0002478834    -0.0000343724
    0.0002594742    -0.0004505207    -0.0000474998
    0.0003239318    -0.0005257121    -0.0000315911
    0.0004190923    -0.0006751057    -0.0000969846
   -0.0035902534     0.0055608380    -0.0000704472
    0.0032544638    -0.0044302157    -0.0001177540
    0.0045596063    -0.0073180941     0.0011859915
   -0.0035490858     0.0062057523    -0.0009982920
   -0.0053799508     0.0083485764    -0.0027096993
    0.0038446678    -0.0052119074     0.0019836134
    0.0021642266    -0.0036382202     0.0015212368
    0.0000388303     0.0009657436    -0.0000305480
    0.0000749379     0.0012050617     0.0001036308
    0.0001883785     0.0032786416     0.0004439101
   -0.0003205380    -0.0034471887    -0.0008736136
   -0.0000038551    -0.0015417631    -0.0000069437
   -0.0003553567     0.0041630155    -0.0002140112
    0.0005256275    -0.0034385677    -0.0002939586
   -0.0002243796     0.0016227533    -0.0004463321
    0.0006031985    -0.0023852448     0.0009258481
   -0.0001979284     0.0019098475    -0.0006557820
    0.0001865759    -0.0012173325     0.0005707810
   -0.0000853176     0.0018949969    -0.0004705442
    0.0000031323    -0.0010406183     0.0001062777
    0.0000018848     0.0000045983     0.0000004992
   -0.0000818016    -0.0002422603    -0.0000447251
   -0.0000948918    -0.0001993150    -0.0000340240
   -0.0001495228    -0.0002938451     0.0000083233
   -0.0000944875    -0.0001782778     0.0000256782
   -0.0000991709    -0.0002437859     0.0000167373
   -0.0003114408    -0.0004265213    -0.0000096357
   -0.0003800734    -0.0004844400    -0.0000317960
   -0.0005530686    -0.0006139566     0.0001354850
    0.0043031224     0.0065721714     0.0018350485
   -0.0020257896    -0.0036617338    -0.0015662110
   -0.0120943059    -0.0185857928    -0.0056942917
    0.0202925922     0.0230080652    -0.0041941534
   -0.0071621069    -0.0064557514     0.0028425543
   -0.0173772215    -0.0205760576     0.0105626279
    0.0092670482     0.0248693151     0.0187048399
   -0.0020702001    -0.0074762797    -0.0064618879
   -0.0029927545    -0.0229094773    -0.0245293797
    0.0012621862     0.0024045097    -0.0006705306
   -0.0001538782    -0.0002828555     0.0001404883
   -0.0000668293    -0.0001234280     0.0000449134
   -0.0000474399    -0.0000877938     0.0000214413
   -0.0000458625    -0.0000842255     0.0000360564
   -0.0000041273    -0.0000075116     0.0000029437
   -0.0000932767    -0.0001672399     0.0001036822
   -0.0001102815    -0.0001932126     0.0000557304
    0.0007281471     0.0014069231    -0.0003546897
    0.0001420807     0.0002836277    -0.0001393013
   -0.0001463329    -0.0003694183     0.0002805700
   -0.0002280041    -0.0004127192     0.0001763276
   -0.0001590946    -0.0003065309     0.0001628389
   -0.0000528100    -0.0000878244     0.0001360961
   -0.0000217467    -0.0000437068     0.0000540965
   -0.0000122111    -0.0000242805     0.0000279795
    0.0000388284     0.0001383573    -0.0001310333
   -0.0000307469    -0.0002199286     0.0001956228
   -0.0000659592    -0.0001794540     0.0001917892
    0.0000107025     0.0000335590    -0.0000256124
   -0.0001177284    -0.0002576403     0.0000807378
   -0.0001293061    -0.0002427635     0.0002509237
    0.0000782526     0.0007696233    -0.0006845062
    0.0004766829    -0.0007260091     0.0005681045
   -0.0002331167    -0.0005107028     0.0006049260
   -0.0002339020    -0.0008140621     0.0007931412
    0.0013256261    -0.0004715938     0.0003500940
    0.0030774995    -0.0018373265    -0.0003042894
   -0.0046468821     0.0004476415    -0.0019573914
    0.0116764901    -0.0003282473     0.0067705540
   -0.0065500134    -0.0010615644    -0.0042714201
   -0.0073857697     0.0012031207    -0.0043708357
   -0.0070430014     0.0003334397    -0.0041522458
   -0.0001085709     0.0000263391    -0.0000883102
    0.0011977194    -0.0000629084     0.0015558595
    0.0009933588    -0.0002472817     0.0007134288
    0.0028575663    -0.0018597271     0.0016639035
    0.0032389238    -0.0016655648     0.0012931393
   -0.0050489380     0.0028444546    -0.0017747576
   -0.0001363480     0.0001142076    -0.0000310600
    0.0024508265    -0.0023312171     0.0003697720
   -0.0003149329     0.0002548347    -0.0000531856
   -0.0001626680     0.0001105685    -0.0000456889
    0.0022982619    -0.0012735153     0.0008462060
   -0.0037433530     0.0027981506    -0.0010904409
   -0.0047663379     0.0047021051    -0.0002447070
    0.0060202047    -0.0058299634     0.0002058371
   -0.0047307761     0.0052832898     0.0005071334
    0.0006539581    -0.0009361878     0.0003510756
    0.0012702297    -0.0009718627     0.0006074589
   -0.0010190182     0.0009809820    -0.0002389427
    0.0009616144    -0.0006617948     0.0001961191
    0.0007316767    -0.0009585685    -0.0000077467
   -0.0238180434     0.0007838821     0.0097948379
    0.0252017046     0.0147955087     0.0137188345
    0.0050736804    -0.0132459573    -0.0063470007
    0.0000080205     0.0000050975    -0.0000730851
   -0.0001170515    -0.0006819737     0.0005489859
    0.0000081810    -0.0002574849     0.0006385624
   -0.0005973476    -0.0004588251     0.0007125347
   -0.0003881548    -0.0005018225     0.0003502736
    0.0022654964     0.0017164104    -0.0017166213
    0.0000513597     0.0000623665    -0.0000425093
   -0.0007241467    -0.0012689564     0.0005606136
    0.0001696463     0.0002125270    -0.0001697361
    0.0001571836     0.0001210160    -0.0001343893
   -0.0029465878    -0.0008546685     0.0018092685
    0.0038091881     0.0047531208    -0.0052086418
   -0.0020738681    -0.0019749244     0.0026409993
   -0.0023119536    -0.0069954062     0.0068043221
    0.0007202047     0.0076185530    -0.0086470558
    0.0000613718    -0.0027626321     0.0029661390
   -0.0000663624    -0.0035770603     0.0049500479
    0.0015289586     0.0051804827    -0.0042834504
   -0.0022344661    -0.0049575659     0.0035942296
    0.0012324175     0.0035605582    -0.0021732662
   -0.0001953550    -0.0001521012     0.0002267743
   -0.0003039634    -0.0000615327     0.0002897867
    0.0002562001     0.0003198049    -0.0002471060
   -0.0001766218    -0.0002590633     0.0001966852
   -0.0001779966    -0.0002857557     0.0001624322
    0.0009477987     0.0013119136    -0.0013563503
   -0.0018061802    -0.0028849357     0.0025137946
    0.0010963535     0.0019822974    -0.0014940730
    0.0011781338     0.0016024784    -0.0017109338
   -0.0006298483     0.0028579749    -0.0026800614
    0.0021402728    -0.0027124981    -0.0006524252
    0.0015740945    -0.0024964764    -0.0009148563
    0.0072731313     0.0024271395     0.0038594983
    0.0004396710     0.0025042158     0.0026511058
   -0.0003176732    -0.0011584610    -0.0011761411
    0.0001049002    -0.0014253715    -0.0019390261
    0.0017785390     0.0002459267     0.0025477663
   -0.0008820285    -0.0001700405    -0.0013332526
   -0.0009861957    -0.0001313134    -0.0013160884
    0.0203032545     0.0111779291    -0.0018913511
   -0.0159049732    -0.0035780747     0.0055348414
   -0.0116719590    -0.0071791293    -0.0002018817
    0.0020640321     0.0044153357     0.0018832405
   -0.0009305079    -0.0023250022    -0.0010585644
   -0.0011654424    -0.0021868933    -0.0010800286
   -0.0026804563    -0.0037310204     0.0044586816
    0.0012766062     0.0016571254    -0.0019948056
    0.0017160665     0.0021480554    -0.0023531640
    0.0004491866    -0.0024057193     0.0076467862
   -0.0004591771     0.0016778728    -0.0042081113
   -0.0001391442     0.0006154743    -0.0042978816
   -0.0006962967    -0.0028684276    -0.0010956069
    0.0043450528     0.0006231997    -0.0074885858
   -0.0018434276    -0.0001633483     0.0037210847
    0.0056466697     0.0026820483     0.0050287265
   -0.0025518702    -0.0016978883    -0.0029876078
   -0.0029216547    -0.0010385262    -0.0026219449
    0.0001178031    -0.0003132596     0.0059795402
    0.0000617160    -0.0000519739    -0.0032166340
   -0.0001161012     0.0003703289    -0.0033303277
    0.0017154345     0.0044554689     0.0041830963
   -0.0011542950    -0.0031372532    -0.0037609883
   -0.0007738888    -0.0022695302    -0.0021014510
    0.0094602942     0.0244821311     0.0044307597
   -0.0043351743    -0.0083626681    -0.0017585321
   -0.0074086884    -0.0200192194    -0.0064246226
    0.0007676561    -0.0005200152     0.0041016621
   -0.0004309143     0.0001742704    -0.0022959264
   -0.0004706113     0.0003419759    -0.0020514068
    0.0038374696     0.0156471283     0.0159624574
   -0.0220941026    -0.0083431592    -0.0136292593
   -0.0044706101    -0.0054767953    -0.0005805808
   -0.0009924355    -0.0011958125     0.0050111864
    0.0003350455     0.0004652687    -0.0023977850
    0.0005464061     0.0005064059    -0.0023360105
    0.0068883448     0.0040958623     0.0047988024
   -0.0039263363    -0.0040515951    -0.0026960922
   -0.0033441045    -0.0005399462    -0.0009629202
   -0.0002402220    -0.0029273416     0.0041317976
    0.0002035590     0.0013326021    -0.0019830737
    0.0000131253     0.0013228002    -0.0019158499
   -0.0007435250     0.0001169562     0.0062569821
    0.0005588064    -0.0001344042    -0.0032125530
    0.0004183152     0.0002635705    -0.0032723757
   -0.0043743246    -0.0108059320     0.0045211146
   -0.0002936176     0.0046636624     0.0002883975
    0.0029627673     0.0057183706    -0.0009461243
    0.0019562049     0.0006947661     0.0022986117
   -0.0011102244    -0.0003476224    -0.0012849297
   -0.0009609639    -0.0004275973    -0.0010774253
   -0.0037796491    -0.0121276578    -0.0042026177
    0.0026907747     0.0068686894     0.0012138672
    0.0021214812     0.0046649971     0.0015028971
    0.0008593851     0.0002020832     0.0032896851
   -0.0004811425    -0.0000878663    -0.0018493245
   -0.0004825819    -0.0001762528    -0.0015909499
   -0.0028209279     0.0040701597     0.0094584471
    0.0007519856    -0.0016260499    -0.0037684987
    0.0002052722    -0.0006556107    -0.0051580981
    0.0044885311    -0.0097813948     0.0162962202
    0.0018720382     0.0107142900    -0.0135414817
   -0.0033796643     0.0057208980    -0.0059272014
   -0.0071577017    -0.0076161677    -0.0033725754
    0.0007783302     0.0044955016    -0.0008622931
    0.0015020702     0.0015684304    -0.0016510292
   -0.0202037324     0.0141639591     0.0045622535
    0.0068241254    -0.0050668782    -0.0007133848
    0.0154632875    -0.0035274127    -0.0050139544
    0.0217885819     0.0118583241     0.0176812102
   -0.0234912755    -0.0163247698    -0.0155826614
   -0.0100427896    -0.0013758052    -0.0056873514
    0.0098421018    -0.0011041592    -0.0085348212
   -0.0055039960     0.0004909785     0.0058264537
   -0.0048650144     0.0013995582     0.0039106884
    0.0010592119     0.0022411640    -0.0019428162
   -0.0006220482    -0.0011870172     0.0009268098
   -0.0005477895    -0.0010685138     0.0008948430
    0.0015640053     0.0030221053    -0.0047149518
   -0.0006729725    -0.0017256867     0.0025103216
   -0.0009569221    -0.0012941630     0.0025768140
   -0.0067873177    -0.0023849896    -0.0077187052
    0.0037029175     0.0020004949     0.0043419135
    0.0029710127     0.0010080023     0.0040328161
   -0.0059987736    -0.0000196010    -0.0049780745
    0.0032774963    -0.0000606917     0.0024063315
    0.0033702415     0.0001323419     0.0029503601
   -0.0070451529    -0.0026912333    -0.0020499711
    0.0039326901     0.0011371580     0.0009219518
    0.0033203987     0.0015215310     0.0007107288
    0.0062326420     0.0007085019    -0.0044571260
   -0.0032103060    -0.0005550073     0.0019357900
   -0.0036695213    -0.0002737329     0.0027156725
   -0.0031207462     0.0044077281    -0.0032194839
    0.0017837384    -0.0024938530     0.0020305405
    0.0014617697     0.0051070139    -0.0011514124
   -0.0005612215    -0.0027912139     0.0005008987
    0.0009368216     0.0001336443     0.0028705498
    0.0013759344     0.0003212410     0.0028654840
    0.0005495601    -0.0019604966    -0.0021198274
    0.0032941791    -0.0007427456     0.0001329948
   -0.0049496312    -0.0073058264    -0.0026844204
    0.0027803148     0.0037708852     0.0011868202
    0.0025860896     0.0037976768     0.0019980348
    0.0019013125     0.0025863493    -0.0034994551
   -0.0009280500    -0.0012730669     0.0019290984
   -0.0010679145    -0.0015162613     0.0018684249
    0.0060807331     0.0025145185    -0.0038486598
   -0.0025669565    -0.0009842948     0.0013882772
   -0.0039434460    -0.0012517604     0.0006187162
   -0.0106775214    -0.0071189282     0.0003134610
    0.0068752241     0.0039176844     0.0006334003
    0.0045599878     0.0024218982    -0.0001237283
    0.0024133538     0.0030339167    -0.0026150613
   -0.0016388309    -0.0016559257     0.0016517101
   -0.0009163720    -0.0011459061     0.0017375409
    0.0050315032     0.0031315263    -0.0052344946
   -0.0024270954    -0.0025691705     0.0021750837
   -0.0039398595    -0.0012011556     0.0031132686
   -0.0068971088    -0.0114049860    -0.0014091243
    0.0026421131     0.0047329583     0.0005628321
    0.0036410606     0.0053609169     0.0021328603
   -0.0025340543    -0.0025594188    -0.0064099139
    0.0014268613     0.0014933044     0.0030713468
    0.0009913334     0.0011060742     0.0030190747
   -0.0097226243     0.0020516869    -0.0018201435
    0.0045316158    -0.0007564516     0.0012875314
    0.0057414453    -0.0017382105     0.0012032552
   -0.0004035443    -0.0011527827    -0.0056975200
    0.0000564348     0.0003884988     0.0029664736
    0.0007867587    -0.0020113339    -0.0117877712
   -0.0001746109     0.0008687596     0.0049439819
   -0.0006753209     0.0000080670     0.0062497464
   -0.0050537729     0.0065973420    -0.0064573060
    0.0027765993    -0.0044663519     0.0039855359
    0.0032622071    -0.0030148781     0.0034438571
   -0.0018961389     0.0030066715    -0.0043306701
    0.0008176835    -0.0017214059     0.0021371102
    0.0012644964    -0.0016719912     0.0025121421
   -0.0088440487    -0.0012577232    -0.0009274002
    0.0050713036     0.0002123696     0.0006645444
    0.0040444095     0.0004805940     0.0000422785
    0.0001113309    -0.0013398767    -0.0073988685
   -0.0001633045     0.0003537421     0.0034689631
    0.0000188253     0.0007684270     0.0033212907
   -0.0046434680     0.0022427529    -0.0078155905
    0.0023697830    -0.0010306848     0.0049172530
    0.0030615749    -0.0014385189     0.0040145200
   -0.0150430992    -0.0048018811    -0.0105167555
    0.0183144865     0.0030776655     0.0090330909
    0.0083308629     0.0022292826     0.0072534294
   -0.0037214040    -0.0014677559    -0.0087804955
    0.0012353485     0.0007499710     0.0042423395
    0.0021893491     0.0006328247     0.0054343192
   -0.0055309169     0.0014607481    -0.0180792583
    0.0005380025    -0.0002538767     0.0105288806
    0.0062498756     0.0002253022     0.0114202066
   -0.0113526468     0.0042970446    -0.0085294038
    0.0048890028    -0.0019932075     0.0031611524
    0.0083590855    -0.0029216682     0.0046482376
   -0.0186492210     0.0226538678    -0.0128291079
    0.0139282611    -0.0138747643     0.0066794017
    0.0118827627    -0.0188920921     0.0112348480
   -0.0220627323    -0.0126917675    -0.0175149894
    0.0253695976     0.0131368544     0.0141167724
    0.0079483173     0.0062736083     0.0052661352
   -0.0178935934     0.0004472932    -0.0019927489
    0.0079233632     0.0000515913     0.0027565858
    0.0102748944     0.0020758652     0.0002418277
    0.0087520195    -0.0158118852    -0.0190625866
    0.0009506363     0.0070440213     0.0090627694
   -0.0174560264     0.0119344136     0.0242077158
   -0.0044614553     0.0034883052     0.0021729079
   -0.0074311724    -0.0047587486    -0.0046460388
    0.0035433460     0.0028521527     0.0027380323
    0.0043959267     0.0028997710     0.0022504159
   -0.0247188255    -0.0141381740    -0.0124369560
    0.0107963814     0.0025634249     0.0066887580
    0.0242228752     0.0166924196     0.0123578867
   -0.0057045661    -0.0066602522    -0.0060258376
    0.0026299633     0.0026403359     0.0026929997
    0.0026800241     0.0035197619     0.0034297976
    0.0014629559     0.0036025069    -0.0069215983
   -0.0007580012    -0.0015968635     0.0038046132
   -0.0006208463    -0.0025383937     0.0028519101
   -0.0062351953    -0.0004192188     0.0013637042
    0.0034971051     0.0004995289    -0.0008252265
    0.0034146373    -0.0000541851    -0.0007056537
   -0.0002257359     0.0067058335    -0.0021103909
   -0.0006493528    -0.0027125886     0.0005656881
    0.0017236982    -0.0042076649    -0.0006757530
    0.0012848949    -0.0001859282    -0.0067726623
   -0.0004638359     0.0003127795     0.0035304813
    0.0025652765     0.0059624102    -0.0094836342
   -0.0009597130    -0.0012336493     0.0051748779
   -0.0011655955    -0.0047220313     0.0069822822
    0.0029702543     0.0018821201    -0.0025670798
   -0.0011932575    -0.0012381178     0.0015122937
   -0.0018100006    -0.0008125587     0.0013204260
   -0.0065324187    -0.0062284875    -0.0016646665
    0.0037605767     0.0034072917     0.0004714404
    0.0028286520     0.0024589509     0.0006051518
   -0.0085204077    -0.0089895448    -0.0079267234
    0.0031241899     0.0033730574     0.0042045828
    0.0030816041     0.0056389589     0.0044664559
   -0.0006394753    -0.0008512196     0.0014223853
    0.0019201196    -0.0006541005     0.0022703922
   -0.0007523633     0.0001021071    -0.0252690755
    0.0002824830     0.0019517198     0.0107129254
    0.0020720563     0.0039810587     0.0148681260
   -0.0012349178    -0.0137963464    -0.0186137392
    0.0016929548     0.0128134721     0.0172235963
    0.0008577173     0.0069290551     0.0057815111
    0.0009215452     0.0002318593    -0.0065003746
   -0.0008151213    -0.0004698014     0.0034211527
   -0.0004990877    -0.0002460837     0.0029917808
   -0.0022411769    -0.0048341295    -0.0094011469
    0.0006934665     0.0017285239     0.0048961289
    0.0014080789     0.0031937486     0.0057271935
    0.0000981355    -0.0013455918    -0.0092755586
   -0.0000266169     0.0005708942     0.0040374594
   -0.0002218382     0.0007630361     0.0045582884
   -0.0039110217    -0.0055709120    -0.0073803434
    0.0016083054     0.0025241539     0.0039165117
    0.0019221570     0.0027822217     0.0031068255
   -0.0008575000    -0.0031850162    -0.0092524783
    0.0009546432     0.0015453470     0.0041112738
    0.0001421142     0.0011893669     0.0046619700
   -0.0027034570    -0.0061587828    -0.0102960346
    0.0019707267     0.0028806316     0.0047679773
    0.0007405262     0.0025473603     0.0051442204
    0.0001508651    -0.0006439339    -0.0086792360
   -0.0006801670     0.0000515559     0.0048481146
   -0.0001871732     0.0001032949     0.0036227524
    0.0034156176     0.0019473909    -0.0104438147
   -0.0008643121    -0.0010304376     0.0042245528
   -0.0026570383    -0.0015092853     0.0049436296
    0.0006267412     0.0001395955    -0.0056328069
   -0.0004252345    -0.0002687659     0.0027111716
   -0.0002352197    -0.0000031636     0.0025404190
   -0.0057373223    -0.0025934058    -0.0056086129
    0.0032372096     0.0010983491     0.0028157226
    0.0029779880     0.0013141665     0.0031537807
   -0.0018271681     0.0012717842    -0.0051503795
    0.0011841175    -0.0007956252     0.0028108876
   -0.0039301437    -0.0062150820    -0.0041096675
    0.0017261427     0.0027008908     0.0020136334
    0.0019815803     0.0031113135     0.0015974595
    0.0113635818     0.0035110113    -0.0039899544
   -0.0055532922    -0.0009535561     0.0020573787
   -0.0045133302    -0.0015360666     0.0016474410
    0.0012850762     0.0017183537    -0.0020008511
   -0.0008152255    -0.0008775707     0.0010590955
   -0.0006376526    -0.0008639035     0.0009552978
   -0.0014538473    -0.0034330143    -0.0064294331
    0.0005312879     0.0015698383     0.0035538745
    0.0009093131     0.0019896290     0.0034216510
    0.0016266158     0.0010243244     0.0027919389
    0.0016950326     0.0019053419    -0.0036797670
   -0.0012368372    -0.0010851256     0.0019568685
   -0.0006648015    -0.0009559151     0.0019036957
   -0.0052157699    -0.0071010757    -0.0077172860
    0.0027986204     0.0036115231     0.0037563529
    0.0025927807     0.0033570117     0.0037863163
   -0.0061045337    -0.0031101171    -0.0000912127
    0.0027078731     0.0016125927    -0.0000346540
    0.0013836774     0.0013733069    -0.0055473760
   -0.0007422622    -0.0005024915     0.0029998227
   -0.0007288023    -0.0009508930     0.0030427796
   -0.0075825276     0.0031316169    -0.0044043668
    0.0038426690    -0.0011831324     0.0022511274
    0.0032769218    -0.0016097648     0.0017832215
   -0.0005721860    -0.0007202574     0.0021180309
    0.0025048708     0.0017674159     0.0015660646
   -0.0043877018    -0.0037557003    -0.0045176333
    0.0023296637     0.0016494699     0.0023328898
    0.0003765295     0.0018576698    -0.0059768605
   -0.0002543457    -0.0010087438     0.0025723654
   -0.0002523229    -0.0007232151     0.0027778109
    0.0090291210    -0.0003765508    -0.0033049390
   -0.0052024127     0.0006705403     0.0021214392
   -0.0038292870     0.0004039945     0.0012546103
    0.0006499517     0.0006246775    -0.0051965368
   -0.0001233764    -0.0001706284     0.0024286941
   -0.0003879985    -0.0004506031     0.0023262486
---------------------------------------------------
Net gradient:  6.189804e-10 -5.237462e-10  1.398558e-10
Net torque:   -2.751108e-07  8.694467e-07 -3.438717e-07

