-----------------------------------
Processed Input file:
                      run gradient
                    basis 6-31gs
                   charge -5
                 spinmult 1
                   method hf
                   active 10
                    casci yes
            casscfmaxiter 200
              cassinglets 3
                castarget 2
            castargetmult 1
                ci_solver direct
                   closed 366
                 convthre 1e-06
                 cphfiter 40
                    debug 1
                      fon yes
               fon_anneal no
               fon_target 0.2
          fon_temperature 0.2
                    maxit 300
                precision mixed
                  threall 1e-14
              coordinates server_2024-05-27-15.15.50/job_3/geom.xyz
                   scrdir server_2024-05-27-15.15.50/job_3/scr
-----------------------------------
Jobname: geom
Scratch data will be generated
Scratch directory: server_2024-05-27-15.15.50/job_3/scr
| Random number seed: 1429738099

XYZ coordinates server_2024-05-27-15.15.50/job_3/geom.xyz
Molden File Output: server_2024-05-27-15.15.50/job_3/scr/geom.molden
Using basis set: 6-31gs
dmrgstart not found
Spin multiplicity: 1
DIIS will use up to 10 vectors.
Condition number limit for the DIIS overlap matrix is            0
WF convergence threshold: 1.00e-06
Using DIIS algorithm to converge WF
Maximum number of SCF iterations: 300
Incremental fock with rebuild every 8 iterations
Will switch to conventional Fock if diffuse functions are detected
X-matrix tolerance: 1.00e-04
PRECISION: MIXED
Single/Double precision threshold: 1.00e-05
TeraChem will select linear algebra engine
Using fractional orbital occupations
Fractional occupations determined by gaussian broadening
366 occupied orbitals will have integer occupation
10 occupied orbitals will have fractional occupation
kT is set to  0.200 a.u.
DFT Functional requested: hf
Method: Hartree-Fock 
Wavefunction: RESTRICTED
Initial guess generated by maximum overlap

********************************************
**** SINGLE POINT GRADIENT CALCULATIONS ****
********************************************
SCF:   Initial guess is taken from previous step
*************WARNING***************
Unrecognized or unnecessary keywords:
These are being ignored.
   casscfmaxiter 200
   debug 1
***********************************
Starting TensorBox...
| TeraChem will select linear algebra engine
| Using cuSolver for matrix diagonalization


Basis set:       6-31gs
Total atoms:     154
Total charge:    -5
Total electrons: 738 (369-alpha, 369-beta)
Number electrons modeled by ECPs: 0
Total orbitals:  1546
Total AO shells: 692 (406 S-shells; 192 P-shells; 94 D-shells; 0 F-shells; 0 G-shells)
Spin multiplicity: 1
Nuclear repulsion energy (QM atoms): 21083.716790225131 a.u.

Number of MM point charges: 1448
Total charge from MM point charges: 1.29 e
MM Atom 0: charge = 0.448 e, xyz = (-5.09036133, 8.97306024, -24.61547387) Bohr
MM Atom 1: charge = 0.187 e, xyz = (-4.90815788, 15.38984218, -23.96308770) Bohr
MM Atom 2: charge = -0.543 e, xyz = (-4.67887508, 14.04917729, -21.65644032) Bohr
   ...
MM Atom 1445: charge = -0.834 e, xyz = (6.11510178, -5.74030349, 27.45785497) Bohr
MM Atom 1446: charge = 0.417 e, xyz = (6.71245543, -4.59556116, 28.69186898) Bohr
MM Atom 1447: charge = 0.417 e, xyz = (5.04306426, -6.83696445, 28.36706564) Bohr


                      *** Start SCF Iterations ***

 Iter     DIIS Error       Energy change         Energy        Time(s)
------------------------------------------------------------------------
Initial temperature is 0.200000
| Purifying guess...
| Trace of guess 738.00000000, trace of guess*guess 738.00000000,  electron number 738.00000000 
| Guess is well-conditioned: purify...
| Purification run on GPU (double precision)  using TC2 purification.
| Density matrix purification finished after a total of 0 matrix multiplies
|    1     0.2135535321   -6105.1572629101   -6105.1572629101     3.94  
|    2     0.1194464827     -20.5921211149   -6125.7493840250     3.85  
|    3     0.1153457263      +0.6058336011   -6125.1435504239     3.90  
|    4     0.0663845019      -3.7443923293   -6128.8879427531     3.91  
|    5     0.0401752586      -2.5404666392   -6131.4284093924     3.81  
|    6     0.0203430325      -0.1084982040   -6131.5369075964     3.63  
|    7     0.0232044527      -0.2253791318   -6131.7622867282     3.54  
|    8     0.0122302480      -0.0678216628   -6131.8301083910     3.39  
|    9     0.0031384903      +0.0066318352   -6131.8234765558     4.04  
|   10     0.0024491717      +0.0207297089   -6131.8027468469     3.05  
|   11     0.0007967684      +0.0047878727   -6131.7979589742     2.85  
|   12     0.0002864477      +0.0037972643   -6131.7941617099     2.70  
|   13     0.0001245779      -0.0003564483   -6131.7945181583     2.52  
|   14     0.0000577209      -0.0002182007   -6131.7947363589     2.35  
|   15     0.0000189020      +0.0000790149   -6131.7946573440     2.27  
|   16     0.0000151020      -0.0000496654   -6131.7947070094     2.21  
|   17     0.0000057180      +0.0000041825   -6131.7947028269     4.12  
|   18     0.0000021704      +0.0000148670   -6131.7946879599     2.00  
|   19     0.0000011295      +0.0000019828   -6131.7946859770     1.94  

| Job finished: Mon May 27 15:27:45 2024

